2020-02-13 11:25:01,187 - end_of_day | INFO : 51 - End of Day has started.
2020-02-13 11:25:02,407 - end_of_day | INFO : 104 - out_time message: 
2020-02-13 11:25:03,668 - end_of_day | INFO : 51 - End of Day has started.
2020-02-13 11:25:05,065 - end_of_day | INFO : 104 - out_time message: 
2020-02-13 11:25:05,895 - end_of_day | INFO : 51 - End of Day has started.
2020-02-13 11:25:07,125 - end_of_day | INFO : 104 - out_time message: 
2020-02-13 11:25:08,359 - end_of_day | INFO : 51 - End of Day has started.
2020-02-13 11:25:09,582 - end_of_day | INFO : 104 - out_time message: 
2020-02-13 11:25:10,736 - end_of_day | INFO : 51 - End of Day has started.
2020-02-13 11:25:12,022 - end_of_day | INFO : 104 - out_time message: 
2020-02-13 11:25:13,151 - end_of_day | INFO : 51 - End of Day has started.
2020-02-13 11:25:14,358 - end_of_day | INFO : 104 - out_time message: 
2020-02-13 11:25:15,604 - end_of_day | INFO : 51 - End of Day has started.
2020-02-13 11:25:16,746 - end_of_day | INFO : 104 - out_time message: 
2020-02-13 11:25:17,002 - end_of_day | INFO : 104 - out_time message: 2020-02-13 11:25:16
2020-02-13 11:25:17,005 - end_of_day | INFO : 104 - out_time message: 2020-02-13 11:25:16
2020-02-13 11:25:17,977 - end_of_day | INFO : 51 - End of Day has started.
2020-02-13 11:25:19,247 - end_of_day | INFO : 104 - out_time message: 
2020-02-13 11:25:20,414 - end_of_day | INFO : 51 - End of Day has started.
2020-02-13 11:25:21,611 - end_of_day | INFO : 104 - out_time message: 
2020-02-13 11:25:22,000 - end_of_day | INFO : 104 - out_time message: 2020-02-13 11:25:21
2020-02-13 11:25:22,003 - end_of_day | INFO : 104 - out_time message: 2020-02-13 11:25:21
2020-02-13 11:25:22,779 - end_of_day | INFO : 51 - End of Day has started.
2020-02-13 11:25:24,002 - end_of_day | INFO : 104 - out_time message: 
2020-02-13 11:25:25,232 - end_of_day | INFO : 51 - End of Day has started.
2020-02-13 11:25:26,420 - end_of_day | INFO : 104 - out_time message: 
2020-02-13 11:25:27,618 - end_of_day | INFO : 51 - End of Day has started.
2020-02-13 11:25:28,779 - end_of_day | INFO : 104 - out_time message: 
2020-02-13 11:25:29,002 - end_of_day | INFO : 104 - out_time message: 2020-02-13 11:25:28
2020-02-13 11:25:29,003 - end_of_day | INFO : 104 - out_time message: 2020-02-13 11:25:28
2020-02-13 11:25:30,058 - end_of_day | INFO : 51 - End of Day has started.
2020-02-13 11:25:31,315 - end_of_day | INFO : 104 - out_time message: 
2020-02-13 11:25:32,380 - end_of_day | INFO : 51 - End of Day has started.
2020-02-13 11:25:33,592 - end_of_day | INFO : 104 - out_time message: 
2020-02-13 11:25:34,000 - end_of_day | INFO : 104 - out_time message: 2020-02-13 11:25:33
2020-02-13 11:25:34,003 - end_of_day | INFO : 104 - out_time message: 2020-02-13 11:25:33
2020-02-13 11:25:34,825 - end_of_day | INFO : 51 - End of Day has started.
2020-02-13 11:25:36,020 - end_of_day | INFO : 104 - out_time message: 
2020-02-13 11:25:37,201 - end_of_day | INFO : 51 - End of Day has started.
2020-02-13 11:25:38,388 - end_of_day | INFO : 104 - out_time message: 
2020-02-13 11:25:39,622 - end_of_day | INFO : 51 - End of Day has started.
2020-02-13 11:25:40,881 - end_of_day | INFO : 104 - out_time message: 
2020-02-13 11:25:41,000 - end_of_day | INFO : 104 - out_time message: 2020-02-13 11:25:40
2020-02-13 11:25:41,003 - end_of_day | INFO : 104 - out_time message: 2020-02-13 11:25:40
2020-02-13 11:25:41,971 - end_of_day | INFO : 51 - End of Day has started.
2020-02-13 11:25:43,187 - end_of_day | INFO : 104 - out_time message: 
2020-02-13 11:25:44,365 - end_of_day | INFO : 51 - End of Day has started.
2020-02-13 11:25:45,545 - end_of_day | INFO : 104 - out_time message: 
2020-02-13 11:25:46,789 - end_of_day | INFO : 51 - End of Day has started.
2020-02-13 11:25:48,032 - end_of_day | INFO : 104 - out_time message: 
2020-02-13 11:25:49,148 - end_of_day | INFO : 51 - End of Day has started.
2020-02-13 11:25:50,302 - end_of_day | INFO : 104 - out_time message: 
2020-02-13 11:25:51,561 - end_of_day | INFO : 51 - End of Day has started.
2020-02-13 11:25:52,816 - end_of_day | INFO : 104 - out_time message: 
2020-02-13 11:25:53,002 - end_of_day | INFO : 104 - out_time message: 2020-02-13 11:25:52
2020-02-13 11:25:53,005 - end_of_day | INFO : 104 - out_time message: 2020-02-13 11:25:52
2020-02-13 11:25:53,957 - end_of_day | INFO : 51 - End of Day has started.
2020-02-13 11:25:55,229 - end_of_day | INFO : 104 - out_time message: 
2020-02-13 11:25:56,368 - end_of_day | INFO : 51 - End of Day has started.
2020-02-13 11:25:57,539 - end_of_day | INFO : 104 - out_time message: 
2020-02-13 11:25:58,724 - end_of_day | INFO : 51 - End of Day has started.
2020-02-13 11:25:59,921 - end_of_day | INFO : 104 - out_time message: 
2020-02-13 11:26:00,025 - end_of_day | INFO : 104 - out_time message: 2020-02-13 11:25:59
2020-02-13 11:26:00,026 - end_of_day | INFO : 104 - out_time message: 2020-02-13 11:25:59
2020-02-13 11:26:01,242 - end_of_day | INFO : 51 - End of Day has started.
2020-02-13 11:26:02,385 - end_of_day | INFO : 104 - out_time message: 
2020-02-13 11:26:03,582 - end_of_day | INFO : 51 - End of Day has started.
2020-02-13 11:26:04,801 - end_of_day | INFO : 104 - out_time message: 
2020-02-13 11:26:05,002 - end_of_day | INFO : 104 - out_time message: 2020-02-13 11:26:04
2020-02-13 11:26:05,003 - end_of_day | INFO : 104 - out_time message: 2020-02-13 11:26:04
2020-02-13 11:26:06,065 - end_of_day | INFO : 51 - End of Day has started.
2020-02-13 11:26:07,339 - end_of_day | INFO : 104 - out_time message: 
2020-02-13 11:26:08,451 - end_of_day | INFO : 51 - End of Day has started.
2020-02-13 11:26:09,650 - end_of_day | INFO : 104 - out_time message: 
2020-02-13 11:26:10,000 - end_of_day | INFO : 104 - out_time message: 2020-02-13 11:26:09
2020-02-13 11:26:10,002 - end_of_day | INFO : 104 - out_time message: 2020-02-13 11:26:09
2020-02-13 11:26:10,819 - end_of_day | INFO : 51 - End of Day has started.
2020-02-13 11:26:11,983 - end_of_day | INFO : 104 - out_time message: 
2020-02-13 11:26:12,082 - end_of_day | INFO : 104 - out_time message: 2020-02-13 11:26:11
2020-02-13 11:26:12,085 - end_of_day | INFO : 104 - out_time message: 2020-02-13 11:26:11
2020-02-13 11:26:13,259 - end_of_day | INFO : 51 - End of Day has started.
2020-02-13 11:26:14,470 - end_of_day | INFO : 104 - out_time message: 
2020-02-13 11:26:15,677 - end_of_day | INFO : 51 - End of Day has started.
2020-02-13 11:26:16,934 - end_of_day | INFO : 104 - out_time message: 
2020-02-13 11:26:17,042 - end_of_day | INFO : 104 - out_time message: 2020-02-13 11:26:16
2020-02-13 11:26:17,045 - end_of_day | INFO : 104 - out_time message: 2020-02-13 11:26:16
2020-02-13 11:26:18,058 - end_of_day | INFO : 51 - End of Day has started.
2020-02-13 11:26:19,326 - end_of_day | INFO : 104 - out_time message: 
2020-02-13 11:26:20,482 - end_of_day | INFO : 51 - End of Day has started.
2020-02-13 11:26:21,676 - end_of_day | INFO : 104 - out_time message: 
2020-02-13 11:26:22,002 - end_of_day | INFO : 104 - out_time message: 2020-02-13 11:26:21
2020-02-13 11:26:22,005 - end_of_day | INFO : 104 - out_time message: 2020-02-13 11:26:21
2020-02-13 11:26:22,881 - end_of_day | INFO : 51 - End of Day has started.
2020-02-13 11:26:24,036 - end_of_day | INFO : 104 - out_time message: 
2020-02-13 11:26:25,323 - end_of_day | INFO : 51 - End of Day has started.
2020-02-13 11:26:26,545 - end_of_day | INFO : 104 - out_time message: 
2020-02-13 11:26:27,724 - end_of_day | INFO : 51 - End of Day has started.
2020-02-13 11:26:28,937 - end_of_day | INFO : 104 - out_time message: 
2020-02-13 11:26:29,043 - end_of_day | INFO : 104 - out_time message: 2020-02-13 11:26:28
2020-02-13 11:26:29,048 - end_of_day | INFO : 104 - out_time message: 2020-02-13 11:26:28
2020-02-13 11:26:30,124 - end_of_day | INFO : 51 - End of Day has started.
2020-02-13 11:26:31,342 - end_of_day | INFO : 104 - out_time message: 
2020-02-13 11:26:32,596 - end_of_day | INFO : 51 - End of Day has started.
2020-02-13 11:26:33,815 - end_of_day | INFO : 104 - out_time message: 
2020-02-13 11:26:34,002 - end_of_day | INFO : 104 - out_time message: 2020-02-13 11:26:33
2020-02-13 11:26:34,003 - end_of_day | INFO : 104 - out_time message: 2020-02-13 11:26:33
2020-02-13 11:26:34,927 - end_of_day | INFO : 51 - End of Day has started.
2020-02-13 11:26:36,138 - end_of_day | INFO : 104 - out_time message: 
2020-02-13 11:26:37,387 - end_of_day | INFO : 51 - End of Day has started.
2020-02-13 11:26:38,568 - end_of_day | INFO : 104 - out_time message: 
2020-02-13 11:26:39,786 - end_of_day | INFO : 51 - End of Day has started.
2020-02-13 11:26:41,095 - end_of_day | INFO : 104 - out_time message: 
2020-02-13 11:26:42,167 - end_of_day | INFO : 51 - End of Day has started.
2020-02-13 11:26:43,408 - end_of_day | INFO : 104 - out_time message: 
2020-02-13 11:26:44,598 - end_of_day | INFO : 51 - End of Day has started.
2020-02-13 11:26:45,832 - end_of_day | INFO : 104 - out_time message: 
2020-02-13 11:26:46,002 - end_of_day | INFO : 104 - out_time message: 2020-02-13 11:26:45
2020-02-13 11:26:46,003 - end_of_day | INFO : 104 - out_time message: 2020-02-13 11:26:45
2020-02-13 11:26:46,934 - end_of_day | INFO : 51 - End of Day has started.
2020-02-13 11:26:48,112 - end_of_day | INFO : 104 - out_time message: 
2020-02-13 11:26:49,388 - end_of_day | INFO : 51 - End of Day has started.
2020-02-13 11:26:50,585 - end_of_day | INFO : 104 - out_time message: 
2020-02-13 11:26:51,759 - end_of_day | INFO : 51 - End of Day has started.
2020-02-13 11:26:52,993 - end_of_day | INFO : 104 - out_time message: 
2020-02-13 11:26:53,105 - end_of_day | INFO : 104 - out_time message: 2020-02-13 11:26:52
2020-02-13 11:26:53,109 - end_of_day | INFO : 104 - out_time message: 2020-02-13 11:26:52
2020-02-13 11:26:54,187 - end_of_day | INFO : 51 - End of Day has started.
2020-02-13 11:26:55,456 - end_of_day | INFO : 104 - out_time message: 
2020-02-13 11:26:56,654 - end_of_day | INFO : 51 - End of Day has started.
2020-02-13 11:26:57,858 - end_of_day | INFO : 104 - out_time message: 
2020-02-13 11:26:58,002 - end_of_day | INFO : 104 - out_time message: 2020-02-13 11:26:57
2020-02-13 11:26:58,005 - end_of_day | INFO : 104 - out_time message: 2020-02-13 11:26:57
2020-02-13 11:26:59,052 - end_of_day | INFO : 51 - End of Day has started.
2020-02-13 11:27:00,234 - end_of_day | INFO : 104 - out_time message: 
2020-02-13 11:27:01,631 - end_of_day | INFO : 51 - End of Day has started.
2020-02-13 11:27:02,842 - end_of_day | INFO : 104 - out_time message: 
2020-02-13 11:27:03,002 - end_of_day | INFO : 104 - out_time message: 2020-02-13 11:27:02
2020-02-13 11:27:03,003 - end_of_day | INFO : 104 - out_time message: 2020-02-13 11:27:02
2020-02-13 11:27:03,987 - end_of_day | INFO : 51 - End of Day has started.
2020-02-13 11:27:05,177 - end_of_day | INFO : 104 - out_time message: 
2020-02-13 11:27:06,433 - end_of_day | INFO : 51 - End of Day has started.
2020-02-13 11:27:07,788 - end_of_day | INFO : 104 - out_time message: 
2020-02-13 11:27:08,002 - end_of_day | INFO : 104 - out_time message: 2020-02-13 11:27:07
2020-02-13 11:27:08,003 - end_of_day | INFO : 104 - out_time message: 2020-02-13 11:27:07
2020-02-13 11:27:08,947 - end_of_day | INFO : 51 - End of Day has started.
2020-02-13 11:27:10,141 - end_of_day | INFO : 104 - out_time message: 
2020-02-13 11:27:11,357 - end_of_day | INFO : 51 - End of Day has started.
2020-02-13 11:27:12,921 - end_of_day | INFO : 104 - out_time message: 
2020-02-13 11:27:13,772 - end_of_day | INFO : 51 - End of Day has started.
2020-02-13 11:27:14,969 - end_of_day | INFO : 104 - out_time message: 
2020-02-13 11:27:15,069 - end_of_day | INFO : 104 - out_time message: 2020-02-13 11:27:14
2020-02-13 11:27:15,071 - end_of_day | INFO : 104 - out_time message: 2020-02-13 11:27:14
2020-02-13 11:27:16,180 - end_of_day | INFO : 51 - End of Day has started.
2020-02-13 11:27:17,424 - end_of_day | INFO : 104 - out_time message: 
2020-02-13 11:27:18,589 - end_of_day | INFO : 51 - End of Day has started.
2020-02-13 11:27:19,770 - end_of_day | INFO : 104 - out_time message: 
2020-02-13 11:27:20,000 - end_of_day | INFO : 104 - out_time message: 2020-02-13 11:27:19
2020-02-13 11:27:20,003 - end_of_day | INFO : 104 - out_time message: 2020-02-13 11:27:19
2020-02-13 11:27:20,999 - end_of_day | INFO : 51 - End of Day has started.
2020-02-13 11:27:22,184 - end_of_day | INFO : 104 - out_time message: 
2020-02-13 11:27:23,408 - end_of_day | INFO : 51 - End of Day has started.
2020-02-13 11:27:24,625 - end_of_day | INFO : 104 - out_time message: 
2020-02-13 11:27:25,002 - end_of_day | INFO : 104 - out_time message: 2020-02-13 11:27:24
2020-02-13 11:27:25,005 - end_of_day | INFO : 104 - out_time message: 2020-02-13 11:27:24
2020-02-13 11:27:25,838 - end_of_day | INFO : 51 - End of Day has started.
2020-02-13 11:27:27,118 - end_of_day | INFO : 104 - out_time message: 
2020-02-13 11:27:28,237 - end_of_day | INFO : 51 - End of Day has started.
2020-02-13 11:27:29,401 - end_of_day | INFO : 104 - out_time message: 
2020-02-13 11:27:30,619 - end_of_day | INFO : 51 - End of Day has started.
2020-02-13 11:27:31,858 - end_of_day | INFO : 104 - out_time message: 
2020-02-13 11:27:32,000 - end_of_day | INFO : 104 - out_time message: 2020-02-13 11:27:31
2020-02-13 11:27:32,003 - end_of_day | INFO : 104 - out_time message: 2020-02-13 11:27:31
2020-02-13 11:27:33,028 - end_of_day | INFO : 51 - End of Day has started.
2020-02-13 11:27:34,269 - end_of_day | INFO : 104 - out_time message: 
2020-02-13 11:27:35,456 - end_of_day | INFO : 51 - End of Day has started.
2020-02-13 11:27:36,653 - end_of_day | INFO : 104 - out_time message: 
2020-02-13 11:27:37,002 - end_of_day | INFO : 104 - out_time message: 2020-02-13 11:27:36
2020-02-13 11:27:37,005 - end_of_day | INFO : 104 - out_time message: 2020-02-13 11:27:36
2020-02-13 11:27:37,881 - end_of_day | INFO : 51 - End of Day has started.
2020-02-13 11:27:39,108 - end_of_day | INFO : 104 - out_time message: 
2020-02-13 11:27:40,246 - end_of_day | INFO : 51 - End of Day has started.
2020-02-13 11:27:41,450 - end_of_day | INFO : 104 - out_time message: 
2020-02-13 11:27:42,635 - end_of_day | INFO : 51 - End of Day has started.
2020-02-13 11:27:43,763 - end_of_day | INFO : 104 - out_time message: 
2020-02-13 11:27:44,000 - end_of_day | INFO : 104 - out_time message: 2020-02-13 11:27:43
2020-02-13 11:27:44,003 - end_of_day | INFO : 104 - out_time message: 2020-02-13 11:27:43
2020-02-13 11:27:45,053 - end_of_day | INFO : 51 - End of Day has started.
2020-02-13 11:27:46,315 - end_of_day | INFO : 104 - out_time message: 
2020-02-13 11:27:47,433 - end_of_day | INFO : 51 - End of Day has started.
2020-02-13 11:27:48,578 - end_of_day | INFO : 104 - out_time message: 
2020-02-13 11:27:49,002 - end_of_day | INFO : 104 - out_time message: 2020-02-13 11:27:48
2020-02-13 11:27:49,003 - end_of_day | INFO : 104 - out_time message: 2020-02-13 11:27:48
2020-02-13 11:27:49,888 - end_of_day | INFO : 51 - End of Day has started.
2020-02-13 11:27:51,084 - end_of_day | INFO : 104 - out_time message: 
2020-02-13 11:27:52,230 - end_of_day | INFO : 51 - End of Day has started.
2020-02-13 11:27:53,536 - end_of_day | INFO : 104 - out_time message: 
2020-02-13 11:27:54,634 - end_of_day | INFO : 51 - End of Day has started.
2020-02-13 11:27:55,806 - end_of_day | INFO : 104 - out_time message: 
2020-02-13 11:27:56,002 - end_of_day | INFO : 104 - out_time message: 2020-02-13 11:27:55
2020-02-13 11:27:56,003 - end_of_day | INFO : 104 - out_time message: 2020-02-13 11:27:55
2020-02-13 11:27:57,071 - end_of_day | INFO : 51 - End of Day has started.
2020-02-13 11:27:58,289 - end_of_day | INFO : 104 - out_time message: 
2020-02-13 11:27:59,401 - end_of_day | INFO : 51 - End of Day has started.
2020-02-13 11:28:00,637 - end_of_day | INFO : 104 - out_time message: 
2020-02-13 11:28:01,002 - end_of_day | INFO : 104 - out_time message: 2020-02-13 11:28:00
2020-02-13 11:28:01,003 - end_of_day | INFO : 104 - out_time message: 2020-02-13 11:28:00
2020-02-13 11:28:01,917 - end_of_day | INFO : 51 - End of Day has started.
2020-02-13 11:28:03,141 - end_of_day | INFO : 104 - out_time message: 
2020-02-13 11:28:04,346 - end_of_day | INFO : 51 - End of Day has started.
2020-02-13 11:28:05,533 - end_of_day | INFO : 104 - out_time message: 
2020-02-13 11:28:06,720 - end_of_day | INFO : 51 - End of Day has started.
2020-02-13 11:28:07,848 - end_of_day | INFO : 104 - out_time message: 
2020-02-13 11:28:08,002 - end_of_day | INFO : 104 - out_time message: 2020-02-13 11:28:07
2020-02-13 11:28:08,006 - end_of_day | INFO : 104 - out_time message: 2020-02-13 11:28:07
2020-02-13 11:28:09,111 - end_of_day | INFO : 51 - End of Day has started.
2020-02-13 11:28:10,275 - end_of_day | INFO : 104 - out_time message: 
2020-02-13 11:28:11,477 - end_of_day | INFO : 51 - End of Day has started.
2020-02-13 11:28:12,697 - end_of_day | INFO : 104 - out_time message: 
2020-02-13 11:28:13,002 - end_of_day | INFO : 104 - out_time message: 2020-02-13 11:28:12
2020-02-13 11:28:13,005 - end_of_day | INFO : 104 - out_time message: 2020-02-13 11:28:12
2020-02-13 11:28:13,930 - end_of_day | INFO : 51 - End of Day has started.
2020-02-13 11:28:15,151 - end_of_day | INFO : 104 - out_time message: 
2020-02-13 11:28:16,262 - end_of_day | INFO : 51 - End of Day has started.
2020-02-13 11:28:17,509 - end_of_day | INFO : 104 - out_time message: 
2020-02-13 11:28:18,704 - end_of_day | INFO : 51 - End of Day has started.
2020-02-13 11:28:19,890 - end_of_day | INFO : 104 - out_time message: 
2020-02-13 11:28:20,003 - end_of_day | INFO : 104 - out_time message: 2020-02-13 11:28:19
2020-02-13 11:28:20,005 - end_of_day | INFO : 104 - out_time message: 2020-02-13 11:28:19
2020-02-13 11:28:21,095 - end_of_day | INFO : 51 - End of Day has started.
2020-02-13 11:28:22,288 - end_of_day | INFO : 104 - out_time message: 
2020-02-13 11:28:23,553 - end_of_day | INFO : 51 - End of Day has started.
2020-02-13 11:28:24,765 - end_of_day | INFO : 104 - out_time message: 
2020-02-13 11:28:25,002 - end_of_day | INFO : 104 - out_time message: 2020-02-13 11:28:24
2020-02-13 11:28:25,005 - end_of_day | INFO : 104 - out_time message: 2020-02-13 11:28:24
2020-02-13 11:28:25,848 - end_of_day | INFO : 51 - End of Day has started.
2020-02-13 11:28:27,046 - end_of_day | INFO : 104 - out_time message: 
2020-02-13 11:28:28,289 - end_of_day | INFO : 51 - End of Day has started.
2020-02-13 11:28:29,509 - end_of_day | INFO : 104 - out_time message: 
2020-02-13 11:28:30,605 - end_of_day | INFO : 51 - End of Day has started.
2020-02-13 11:28:31,721 - end_of_day | INFO : 104 - out_time message: 
2020-02-13 11:28:32,002 - end_of_day | INFO : 104 - out_time message: 2020-02-13 11:28:31
2020-02-13 11:28:32,003 - end_of_day | INFO : 104 - out_time message: 2020-02-13 11:28:31
2020-02-13 11:28:32,974 - end_of_day | INFO : 51 - End of Day has started.
2020-02-13 11:28:34,196 - end_of_day | INFO : 104 - out_time message: 
2020-02-13 11:28:35,358 - end_of_day | INFO : 51 - End of Day has started.
2020-02-13 11:28:36,506 - end_of_day | INFO : 104 - out_time message: 
2020-02-13 11:28:37,834 - end_of_day | INFO : 51 - End of Day has started.
2020-02-13 11:28:39,042 - end_of_day | INFO : 104 - out_time message: 
2020-02-13 11:28:40,249 - end_of_day | INFO : 51 - End of Day has started.
2020-02-13 11:28:41,506 - end_of_day | INFO : 104 - out_time message: 
2020-02-13 11:28:42,562 - end_of_day | INFO : 51 - End of Day has started.
2020-02-13 11:28:43,732 - end_of_day | INFO : 104 - out_time message: 
2020-02-13 11:28:44,000 - end_of_day | INFO : 104 - out_time message: 2020-02-13 11:28:43
2020-02-13 11:28:44,003 - end_of_day | INFO : 104 - out_time message: 2020-02-13 11:28:43
2020-02-13 11:28:44,986 - end_of_day | INFO : 51 - End of Day has started.
2020-02-13 11:28:46,186 - end_of_day | INFO : 104 - out_time message: 
2020-02-13 11:28:47,404 - end_of_day | INFO : 51 - End of Day has started.
2020-02-13 11:28:48,648 - end_of_day | INFO : 104 - out_time message: 
2020-02-13 11:28:49,877 - end_of_day | INFO : 51 - End of Day has started.
2020-02-13 11:28:51,279 - end_of_day | INFO : 104 - out_time message: 
2020-02-13 11:28:52,266 - end_of_day | INFO : 51 - End of Day has started.
2020-02-13 11:28:53,543 - end_of_day | INFO : 104 - out_time message: 
2020-02-13 11:28:54,642 - end_of_day | INFO : 51 - End of Day has started.
2020-02-13 11:28:55,851 - end_of_day | INFO : 104 - out_time message: 
2020-02-13 11:28:56,000 - end_of_day | INFO : 104 - out_time message: 2020-02-13 11:28:55
2020-02-13 11:28:56,003 - end_of_day | INFO : 104 - out_time message: 2020-02-13 11:28:55
2020-02-13 11:28:57,002 - end_of_day | INFO : 51 - End of Day has started.
2020-02-13 11:28:58,266 - end_of_day | INFO : 104 - out_time message: 
2020-02-13 11:28:59,515 - end_of_day | INFO : 51 - End of Day has started.
2020-02-13 11:29:00,701 - end_of_day | INFO : 104 - out_time message: 
2020-02-13 11:29:01,002 - end_of_day | INFO : 104 - out_time message: 2020-02-13 11:29:00
2020-02-13 11:29:01,005 - end_of_day | INFO : 104 - out_time message: 2020-02-13 11:29:00
2020-02-13 11:29:02,029 - end_of_day | INFO : 51 - End of Day has started.
2020-02-13 11:29:03,224 - end_of_day | INFO : 104 - out_time message: 
2020-02-13 11:29:04,434 - end_of_day | INFO : 51 - End of Day has started.
2020-02-13 11:29:05,631 - end_of_day | INFO : 104 - out_time message: 
2020-02-13 11:29:06,757 - end_of_day | INFO : 51 - End of Day has started.
2020-02-13 11:29:07,937 - end_of_day | INFO : 104 - out_time message: 
2020-02-13 11:29:08,029 - end_of_day | INFO : 104 - out_time message: 2020-02-13 11:29:07
2020-02-13 11:29:08,029 - end_of_day | INFO : 104 - out_time message: 2020-02-13 11:29:07
2020-02-13 11:29:09,217 - end_of_day | INFO : 51 - End of Day has started.
2020-02-13 11:29:10,434 - end_of_day | INFO : 104 - out_time message: 
2020-02-13 11:29:11,609 - end_of_day | INFO : 51 - End of Day has started.
2020-02-13 11:29:12,788 - end_of_day | INFO : 104 - out_time message: 
2020-02-13 11:29:13,002 - end_of_day | INFO : 104 - out_time message: 2020-02-13 11:29:12
2020-02-13 11:29:13,003 - end_of_day | INFO : 104 - out_time message: 2020-02-13 11:29:12
2020-02-13 11:29:14,278 - end_of_day | INFO : 51 - End of Day has started.
2020-02-13 11:29:15,444 - end_of_day | INFO : 104 - out_time message: 
2020-02-13 11:29:16,582 - end_of_day | INFO : 51 - End of Day has started.
2020-02-13 11:29:17,778 - end_of_day | INFO : 104 - out_time message: 
2020-02-13 11:29:18,000 - end_of_day | INFO : 104 - out_time message: 2020-02-13 11:29:17
2020-02-13 11:29:18,003 - end_of_day | INFO : 104 - out_time message: 2020-02-13 11:29:17
2020-02-13 11:29:18,943 - end_of_day | INFO : 51 - End of Day has started.
2020-02-13 11:29:20,078 - end_of_day | INFO : 104 - out_time message: 
2020-02-13 11:29:21,397 - end_of_day | INFO : 51 - End of Day has started.
2020-02-13 11:29:22,611 - end_of_day | INFO : 104 - out_time message: 
2020-02-13 11:29:23,002 - end_of_day | INFO : 104 - out_time message: 2020-02-13 11:29:22
2020-02-13 11:29:23,003 - end_of_day | INFO : 104 - out_time message: 2020-02-13 11:29:22
2020-02-13 11:29:23,792 - end_of_day | INFO : 51 - End of Day has started.
2020-02-13 11:29:25,015 - end_of_day | INFO : 104 - out_time message: 
2020-02-13 11:29:26,359 - end_of_day | INFO : 51 - End of Day has started.
2020-02-13 11:29:27,532 - end_of_day | INFO : 104 - out_time message: 
2020-02-13 11:29:28,663 - end_of_day | INFO : 51 - End of Day has started.
2020-02-13 11:29:29,851 - end_of_day | INFO : 104 - out_time message: 
2020-02-13 11:29:30,000 - end_of_day | INFO : 104 - out_time message: 2020-02-13 11:29:29
2020-02-13 11:29:30,003 - end_of_day | INFO : 104 - out_time message: 2020-02-13 11:29:29
2020-02-13 11:29:31,038 - end_of_day | INFO : 51 - End of Day has started.
2020-02-13 11:29:32,239 - end_of_day | INFO : 104 - out_time message: 
2020-02-13 11:29:33,382 - end_of_day | INFO : 51 - End of Day has started.
2020-02-13 11:29:34,552 - end_of_day | INFO : 104 - out_time message: 
2020-02-13 11:29:35,002 - end_of_day | INFO : 104 - out_time message: 2020-02-13 11:29:34
2020-02-13 11:29:35,003 - end_of_day | INFO : 104 - out_time message: 2020-02-13 11:29:34
2020-02-13 11:29:35,901 - end_of_day | INFO : 51 - End of Day has started.
2020-02-13 11:29:37,131 - end_of_day | INFO : 104 - out_time message: 
2020-02-13 11:29:38,344 - end_of_day | INFO : 51 - End of Day has started.
2020-02-13 11:29:39,625 - end_of_day | INFO : 104 - out_time message: 
2020-02-13 11:29:40,657 - end_of_day | INFO : 51 - End of Day has started.
2020-02-13 11:29:41,812 - end_of_day | INFO : 104 - out_time message: 
2020-02-13 11:29:42,000 - end_of_day | INFO : 104 - out_time message: 2020-02-13 11:29:41
2020-02-13 11:29:42,002 - end_of_day | INFO : 104 - out_time message: 2020-02-13 11:29:41
2020-02-13 11:29:43,002 - end_of_day | INFO : 51 - End of Day has started.
2020-02-13 11:29:44,173 - end_of_day | INFO : 104 - out_time message: 
2020-02-13 11:29:45,461 - end_of_day | INFO : 51 - End of Day has started.
2020-02-13 11:29:46,660 - end_of_day | INFO : 104 - out_time message: 
2020-02-13 11:29:47,002 - end_of_day | INFO : 104 - out_time message: 2020-02-13 11:29:46
2020-02-13 11:29:47,003 - end_of_day | INFO : 104 - out_time message: 2020-02-13 11:29:46
2020-02-13 11:29:47,808 - end_of_day | INFO : 51 - End of Day has started.
2020-02-13 11:29:49,005 - end_of_day | INFO : 104 - out_time message: 
2020-02-13 11:29:50,272 - end_of_day | INFO : 51 - End of Day has started.
2020-02-13 11:29:51,474 - end_of_day | INFO : 104 - out_time message: 
2020-02-13 11:29:52,611 - end_of_day | INFO : 51 - End of Day has started.
2020-02-13 11:29:53,825 - end_of_day | INFO : 104 - out_time message: 
2020-02-13 11:29:54,002 - end_of_day | INFO : 104 - out_time message: 2020-02-13 11:29:53
2020-02-13 11:29:54,003 - end_of_day | INFO : 104 - out_time message: 2020-02-13 11:29:53
2020-02-13 11:29:54,976 - end_of_day | INFO : 51 - End of Day has started.
2020-02-13 11:29:56,170 - end_of_day | INFO : 104 - out_time message: 
2020-02-13 11:29:57,375 - end_of_day | INFO : 51 - End of Day has started.
2020-02-13 11:29:58,532 - end_of_day | INFO : 104 - out_time message: 
2020-02-13 11:29:59,818 - end_of_day | INFO : 51 - End of Day has started.
2020-02-13 11:30:01,142 - end_of_day | INFO : 104 - out_time message: 
2020-02-13 11:30:02,315 - end_of_day | INFO : 51 - End of Day has started.
2020-02-13 11:30:03,609 - end_of_day | INFO : 104 - out_time message: 
2020-02-13 11:30:04,743 - end_of_day | INFO : 51 - End of Day has started.
2020-02-13 11:30:05,940 - end_of_day | INFO : 104 - out_time message: 
2020-02-13 11:30:06,038 - end_of_day | INFO : 104 - out_time message: 2020-02-13 11:30:05
2020-02-13 11:30:06,040 - end_of_day | INFO : 104 - out_time message: 2020-02-13 11:30:05
2020-02-13 11:30:07,130 - end_of_day | INFO : 51 - End of Day has started.
2020-02-13 11:30:08,371 - end_of_day | INFO : 104 - out_time message: 
2020-02-13 11:30:09,592 - end_of_day | INFO : 51 - End of Day has started.
2020-02-13 11:30:10,828 - end_of_day | INFO : 104 - out_time message: 
2020-02-13 11:30:11,002 - end_of_day | INFO : 104 - out_time message: 2020-02-13 11:30:10
2020-02-13 11:30:11,006 - end_of_day | INFO : 104 - out_time message: 2020-02-13 11:30:10
2020-02-13 11:30:12,072 - end_of_day | INFO : 51 - End of Day has started.
2020-02-13 11:30:13,315 - end_of_day | INFO : 104 - out_time message: 
2020-02-13 11:30:14,437 - end_of_day | INFO : 51 - End of Day has started.
2020-02-13 11:30:15,621 - end_of_day | INFO : 104 - out_time message: 
2020-02-13 11:30:16,000 - end_of_day | INFO : 104 - out_time message: 2020-02-13 11:30:15
2020-02-13 11:30:16,003 - end_of_day | INFO : 104 - out_time message: 2020-02-13 11:30:15
2020-02-13 11:30:16,823 - end_of_day | INFO : 51 - End of Day has started.
2020-02-13 11:30:18,013 - end_of_day | INFO : 104 - out_time message: 
2020-02-13 11:30:19,236 - end_of_day | INFO : 51 - End of Day has started.
2020-02-13 11:30:20,549 - end_of_day | INFO : 104 - out_time message: 
2020-02-13 11:30:21,663 - end_of_day | INFO : 51 - End of Day has started.
2020-02-13 11:30:22,898 - end_of_day | INFO : 104 - out_time message: 
2020-02-13 11:30:23,010 - end_of_day | INFO : 104 - out_time message: 2020-02-13 11:30:22
2020-02-13 11:30:23,013 - end_of_day | INFO : 104 - out_time message: 2020-02-13 11:30:22
2020-02-13 11:30:24,075 - end_of_day | INFO : 51 - End of Day has started.
2020-02-13 11:30:25,345 - end_of_day | INFO : 104 - out_time message: 
2020-02-13 11:30:26,542 - end_of_day | INFO : 51 - End of Day has started.
2020-02-13 11:30:27,746 - end_of_day | INFO : 104 - out_time message: 
2020-02-13 11:30:28,002 - end_of_day | INFO : 104 - out_time message: 2020-02-13 11:30:27
2020-02-13 11:30:28,005 - end_of_day | INFO : 104 - out_time message: 2020-02-13 11:30:27
2020-02-13 11:30:28,802 - end_of_day | INFO : 51 - End of Day has started.
2020-02-13 11:30:29,957 - end_of_day | INFO : 104 - out_time message: 
2020-02-13 11:30:30,059 - end_of_day | INFO : 104 - out_time message: 2020-02-13 11:30:29
2020-02-13 11:30:30,062 - end_of_day | INFO : 104 - out_time message: 2020-02-13 11:30:29
2020-02-13 11:30:31,226 - end_of_day | INFO : 51 - End of Day has started.
2020-02-13 11:30:32,417 - end_of_day | INFO : 104 - out_time message: 
2020-02-13 11:30:33,596 - end_of_day | INFO : 51 - End of Day has started.
2020-02-13 11:30:34,763 - end_of_day | INFO : 104 - out_time message: 
2020-02-13 11:30:35,002 - end_of_day | INFO : 104 - out_time message: 2020-02-13 11:30:34
2020-02-13 11:30:35,006 - end_of_day | INFO : 104 - out_time message: 2020-02-13 11:30:34
2020-02-13 11:30:36,055 - end_of_day | INFO : 51 - End of Day has started.
2020-02-13 11:30:37,263 - end_of_day | INFO : 104 - out_time message: 
2020-02-13 11:30:38,611 - end_of_day | INFO : 51 - End of Day has started.
2020-02-13 11:30:39,838 - end_of_day | INFO : 104 - out_time message: 
2020-02-13 11:30:40,000 - end_of_day | INFO : 104 - out_time message: 2020-02-13 11:30:39
2020-02-13 11:30:40,002 - end_of_day | INFO : 104 - out_time message: 2020-02-13 11:30:39
2020-02-13 11:30:40,973 - end_of_day | INFO : 51 - End of Day has started.
2020-02-13 11:30:42,151 - end_of_day | INFO : 104 - out_time message: 
2020-02-13 11:30:43,346 - end_of_day | INFO : 51 - End of Day has started.
2020-02-13 11:30:44,539 - end_of_day | INFO : 104 - out_time message: 
2020-02-13 11:30:45,821 - end_of_day | INFO : 51 - End of Day has started.
2020-02-13 11:30:47,029 - end_of_day | INFO : 104 - out_time message: 
2020-02-13 11:30:48,240 - end_of_day | INFO : 51 - End of Day has started.
2020-02-13 11:30:49,569 - end_of_day | INFO : 104 - out_time message: 
2020-02-13 11:30:50,621 - end_of_day | INFO : 51 - End of Day has started.
2020-02-13 11:30:51,822 - end_of_day | INFO : 104 - out_time message: 
2020-02-13 11:30:52,000 - end_of_day | INFO : 104 - out_time message: 2020-02-13 11:30:51
2020-02-13 11:30:52,003 - end_of_day | INFO : 104 - out_time message: 2020-02-13 11:30:51
2020-02-13 11:30:53,440 - end_of_day | INFO : 51 - End of Day has started.
2020-02-13 11:30:54,657 - end_of_day | INFO : 104 - out_time message: 
2020-02-13 11:30:55,002 - end_of_day | INFO : 104 - out_time message: 2020-02-13 11:30:54
2020-02-13 11:30:55,005 - end_of_day | INFO : 104 - out_time message: 2020-02-13 11:30:54
2020-02-13 11:30:55,871 - end_of_day | INFO : 51 - End of Day has started.
2020-02-13 11:30:57,028 - end_of_day | INFO : 104 - out_time message: 
2020-02-13 11:30:58,418 - end_of_day | INFO : 51 - End of Day has started.
2020-02-13 11:30:59,729 - end_of_day | INFO : 104 - out_time message: 
2020-02-13 11:31:00,805 - end_of_day | INFO : 51 - End of Day has started.
2020-02-13 11:31:02,219 - end_of_day | INFO : 104 - out_time message: 
2020-02-13 11:31:03,280 - end_of_day | INFO : 51 - End of Day has started.
2020-02-13 11:31:04,434 - end_of_day | INFO : 104 - out_time message: 
2020-02-13 11:31:05,665 - end_of_day | INFO : 51 - End of Day has started.
2020-02-13 11:31:06,885 - end_of_day | INFO : 104 - out_time message: 
2020-02-13 11:31:07,002 - end_of_day | INFO : 104 - out_time message: 2020-02-13 11:31:06
2020-02-13 11:31:07,005 - end_of_day | INFO : 104 - out_time message: 2020-02-13 11:31:06
2020-02-13 11:31:08,128 - end_of_day | INFO : 51 - End of Day has started.
2020-02-13 11:31:09,509 - end_of_day | INFO : 104 - out_time message: 
2020-02-13 11:31:10,539 - end_of_day | INFO : 51 - End of Day has started.
2020-02-13 11:31:11,720 - end_of_day | INFO : 104 - out_time message: 
2020-02-13 11:31:12,002 - end_of_day | INFO : 104 - out_time message: 2020-02-13 11:31:11
2020-02-13 11:31:12,003 - end_of_day | INFO : 104 - out_time message: 2020-02-13 11:31:11
2020-02-13 11:31:12,898 - end_of_day | INFO : 51 - End of Day has started.
2020-02-13 11:31:14,086 - end_of_day | INFO : 104 - out_time message: 
2020-02-13 11:31:15,325 - end_of_day | INFO : 51 - End of Day has started.
2020-02-13 11:31:16,502 - end_of_day | INFO : 104 - out_time message: 
2020-02-13 11:31:17,707 - end_of_day | INFO : 51 - End of Day has started.
2020-02-13 11:31:18,986 - end_of_day | INFO : 104 - out_time message: 
2020-02-13 11:31:19,101 - end_of_day | INFO : 104 - out_time message: 2020-02-13 11:31:18
2020-02-13 11:31:19,105 - end_of_day | INFO : 104 - out_time message: 2020-02-13 11:31:18
2020-02-13 11:31:20,163 - end_of_day | INFO : 51 - End of Day has started.
2020-02-13 11:31:21,446 - end_of_day | INFO : 104 - out_time message: 
2020-02-13 11:31:22,598 - end_of_day | INFO : 51 - End of Day has started.
2020-02-13 11:31:23,757 - end_of_day | INFO : 104 - out_time message: 
2020-02-13 11:31:24,003 - end_of_day | INFO : 104 - out_time message: 2020-02-13 11:31:23
2020-02-13 11:31:24,005 - end_of_day | INFO : 104 - out_time message: 2020-02-13 11:31:23
2020-02-13 11:31:25,038 - end_of_day | INFO : 51 - End of Day has started.
2020-02-13 11:31:26,183 - end_of_day | INFO : 104 - out_time message: 
2020-02-13 11:31:27,371 - end_of_day | INFO : 51 - End of Day has started.
2020-02-13 11:31:28,539 - end_of_day | INFO : 104 - out_time message: 
2020-02-13 11:31:29,799 - end_of_day | INFO : 51 - End of Day has started.
2020-02-13 11:31:31,109 - end_of_day | INFO : 104 - out_time message: 
2020-02-13 11:31:32,237 - end_of_day | INFO : 51 - End of Day has started.
2020-02-13 11:31:33,506 - end_of_day | INFO : 104 - out_time message: 
2020-02-13 11:31:34,592 - end_of_day | INFO : 51 - End of Day has started.
2020-02-13 11:31:35,776 - end_of_day | INFO : 104 - out_time message: 
2020-02-13 11:31:36,000 - end_of_day | INFO : 104 - out_time message: 2020-02-13 11:31:35
2020-02-13 11:31:36,003 - end_of_day | INFO : 104 - out_time message: 2020-02-13 11:31:35
2020-02-13 11:31:36,971 - end_of_day | INFO : 51 - End of Day has started.
2020-02-13 11:31:38,184 - end_of_day | INFO : 104 - out_time message: 
2020-02-13 11:31:39,385 - end_of_day | INFO : 51 - End of Day has started.
2020-02-13 11:31:40,575 - end_of_day | INFO : 104 - out_time message: 
2020-02-13 11:31:41,769 - end_of_day | INFO : 51 - End of Day has started.
2020-02-13 11:31:43,101 - end_of_day | INFO : 104 - out_time message: 
2020-02-13 11:31:44,321 - end_of_day | INFO : 51 - End of Day has started.
2020-02-13 11:31:45,536 - end_of_day | INFO : 104 - out_time message: 
2020-02-13 11:31:46,553 - end_of_day | INFO : 51 - End of Day has started.
2020-02-13 11:31:47,747 - end_of_day | INFO : 104 - out_time message: 
2020-02-13 11:31:48,000 - end_of_day | INFO : 104 - out_time message: 2020-02-13 11:31:47
2020-02-13 11:31:48,003 - end_of_day | INFO : 104 - out_time message: 2020-02-13 11:31:47
2020-02-13 11:31:48,924 - end_of_day | INFO : 51 - End of Day has started.
2020-02-13 11:31:50,084 - end_of_day | INFO : 104 - out_time message: 
2020-02-13 11:31:51,279 - end_of_day | INFO : 51 - End of Day has started.
2020-02-13 11:31:52,427 - end_of_day | INFO : 104 - out_time message: 
2020-02-13 11:31:53,775 - end_of_day | INFO : 51 - End of Day has started.
2020-02-13 11:31:54,983 - end_of_day | INFO : 104 - out_time message: 
2020-02-13 11:31:55,078 - end_of_day | INFO : 104 - out_time message: 2020-02-13 11:31:54
2020-02-13 11:31:55,081 - end_of_day | INFO : 104 - out_time message: 2020-02-13 11:31:54
2020-02-13 11:31:56,104 - end_of_day | INFO : 51 - End of Day has started.
2020-02-13 11:31:57,364 - end_of_day | INFO : 104 - out_time message: 
2020-02-13 11:31:58,578 - end_of_day | INFO : 51 - End of Day has started.
2020-02-13 11:31:59,828 - end_of_day | INFO : 104 - out_time message: 
2020-02-13 11:32:00,000 - end_of_day | INFO : 104 - out_time message: 2020-02-13 11:31:59
2020-02-13 11:32:00,002 - end_of_day | INFO : 104 - out_time message: 2020-02-13 11:31:59
2020-02-13 11:32:01,040 - end_of_day | INFO : 51 - End of Day has started.
2020-02-13 11:32:02,233 - end_of_day | INFO : 104 - out_time message: 
2020-02-13 11:32:03,410 - end_of_day | INFO : 51 - End of Day has started.
2020-02-13 11:32:04,618 - end_of_day | INFO : 104 - out_time message: 
2020-02-13 11:32:05,002 - end_of_day | INFO : 104 - out_time message: 2020-02-13 11:32:04
2020-02-13 11:32:05,003 - end_of_day | INFO : 104 - out_time message: 2020-02-13 11:32:04
2020-02-13 11:32:05,819 - end_of_day | INFO : 51 - End of Day has started.
2020-02-13 11:32:06,959 - end_of_day | INFO : 104 - out_time message: 
2020-02-13 11:32:07,059 - end_of_day | INFO : 104 - out_time message: 2020-02-13 11:32:06
2020-02-13 11:32:07,062 - end_of_day | INFO : 104 - out_time message: 2020-02-13 11:32:06
2020-02-13 11:32:08,293 - end_of_day | INFO : 51 - End of Day has started.
2020-02-13 11:32:09,578 - end_of_day | INFO : 104 - out_time message: 
2020-02-13 11:32:10,653 - end_of_day | INFO : 51 - End of Day has started.
2020-02-13 11:32:11,921 - end_of_day | INFO : 104 - out_time message: 
2020-02-13 11:32:12,035 - end_of_day | INFO : 104 - out_time message: 2020-02-13 11:32:11
2020-02-13 11:32:12,038 - end_of_day | INFO : 104 - out_time message: 2020-02-13 11:32:11
2020-02-13 11:32:13,095 - end_of_day | INFO : 51 - End of Day has started.
2020-02-13 11:32:14,328 - end_of_day | INFO : 104 - out_time message: 
2020-02-13 11:32:15,000 - end_of_day | INFO : 104 - out_time message: 2020-02-13 11:32:14
2020-02-13 11:32:15,002 - end_of_day | INFO : 104 - out_time message: 2020-02-13 11:32:14
2020-02-13 11:32:31,438 - end_of_day | WARNING : 239 - You can't close the window this way!
2020-02-13 11:33:55,259 - end_of_day | INFO : 51 - End of Day has started.
2020-02-13 11:33:56,418 - end_of_day | INFO : 104 - out_time message: 
2020-02-13 11:33:57,640 - end_of_day | INFO : 51 - End of Day has started.
2020-02-13 11:33:58,821 - end_of_day | INFO : 104 - out_time message: 
2020-02-13 11:33:59,000 - end_of_day | INFO : 104 - out_time message: 2020-02-13 11:33:58
2020-02-13 11:33:59,003 - end_of_day | INFO : 104 - out_time message: 2020-02-13 11:33:58
2020-02-13 11:33:59,983 - end_of_day | INFO : 51 - End of Day has started.
2020-02-13 11:34:01,154 - end_of_day | INFO : 104 - out_time message: 
2020-02-13 11:34:02,565 - end_of_day | INFO : 51 - End of Day has started.
2020-02-13 11:34:03,744 - end_of_day | INFO : 104 - out_time message: 
2020-02-13 11:34:04,002 - end_of_day | INFO : 104 - out_time message: 2020-02-13 11:34:03
2020-02-13 11:34:04,003 - end_of_day | INFO : 104 - out_time message: 2020-02-13 11:34:03
2020-02-13 11:34:04,927 - end_of_day | INFO : 51 - End of Day has started.
2020-02-13 11:34:06,101 - end_of_day | INFO : 104 - out_time message: 
2020-02-13 11:34:07,275 - end_of_day | INFO : 51 - End of Day has started.
2020-02-13 11:34:08,392 - end_of_day | INFO : 104 - out_time message: 
2020-02-13 11:34:09,716 - end_of_day | INFO : 51 - End of Day has started.
2020-02-13 11:34:10,881 - end_of_day | INFO : 104 - out_time message: 
2020-02-13 11:34:11,000 - end_of_day | INFO : 104 - out_time message: 2020-02-13 11:34:10
2020-02-13 11:34:11,003 - end_of_day | INFO : 104 - out_time message: 2020-02-13 11:34:10
2020-02-13 11:34:12,115 - end_of_day | INFO : 51 - End of Day has started.
2020-02-13 11:34:13,411 - end_of_day | INFO : 104 - out_time message: 
2020-02-13 11:34:14,555 - end_of_day | INFO : 51 - End of Day has started.
2020-02-13 11:34:15,726 - end_of_day | INFO : 104 - out_time message: 
2020-02-13 11:34:16,000 - end_of_day | INFO : 104 - out_time message: 2020-02-13 11:34:15
2020-02-13 11:34:16,003 - end_of_day | INFO : 104 - out_time message: 2020-02-13 11:34:15
2020-02-13 11:34:17,082 - end_of_day | INFO : 51 - End of Day has started.
2020-02-13 11:34:18,325 - end_of_day | INFO : 104 - out_time message: 
2020-02-13 11:34:19,331 - end_of_day | INFO : 51 - End of Day has started.
2020-02-13 11:34:20,553 - end_of_day | INFO : 104 - out_time message: 
2020-02-13 11:34:21,687 - end_of_day | INFO : 51 - End of Day has started.
2020-02-13 11:34:23,065 - end_of_day | INFO : 104 - out_time message: 
2020-02-13 11:34:24,226 - end_of_day | INFO : 51 - End of Day has started.
2020-02-13 11:34:25,572 - end_of_day | INFO : 104 - out_time message: 
2020-02-13 11:34:26,578 - end_of_day | INFO : 51 - End of Day has started.
2020-02-13 11:34:27,753 - end_of_day | INFO : 104 - out_time message: 
2020-02-13 11:34:28,000 - end_of_day | INFO : 104 - out_time message: 2020-02-13 11:34:27
2020-02-13 11:34:28,003 - end_of_day | INFO : 104 - out_time message: 2020-02-13 11:34:27
2020-02-13 11:34:29,043 - end_of_day | INFO : 51 - End of Day has started.
2020-02-13 11:34:30,336 - end_of_day | INFO : 104 - out_time message: 
2020-02-13 11:34:31,446 - end_of_day | INFO : 51 - End of Day has started.
2020-02-13 11:34:32,677 - end_of_day | INFO : 104 - out_time message: 
2020-02-13 11:34:33,000 - end_of_day | INFO : 104 - out_time message: 2020-02-13 11:34:32
2020-02-13 11:34:33,003 - end_of_day | INFO : 104 - out_time message: 2020-02-13 11:34:32
2020-02-13 11:34:33,868 - end_of_day | INFO : 51 - End of Day has started.
2020-02-13 11:34:35,099 - end_of_day | INFO : 104 - out_time message: 
2020-02-13 11:34:36,002 - end_of_day | INFO : 104 - out_time message: 2020-02-13 11:34:35
2020-02-13 11:34:36,005 - end_of_day | INFO : 104 - out_time message: 2020-02-13 11:34:35
2020-02-13 11:40:29,937 - end_of_day | INFO : 51 - End of Day has started.
2020-02-13 11:40:31,095 - end_of_day | INFO : 104 - out_time message: 
2020-02-13 11:40:32,243 - end_of_day | INFO : 51 - End of Day has started.
2020-02-13 11:40:33,342 - end_of_day | INFO : 104 - out_time message: 
2020-02-13 11:40:34,700 - end_of_day | INFO : 51 - End of Day has started.
2020-02-13 11:40:35,871 - end_of_day | INFO : 104 - out_time message: 
2020-02-13 11:40:36,000 - end_of_day | INFO : 104 - out_time message: 2020-02-13 11:40:35
2020-02-13 11:40:36,003 - end_of_day | INFO : 104 - out_time message: 2020-02-13 11:40:35
2020-02-13 11:40:37,119 - end_of_day | INFO : 51 - End of Day has started.
2020-02-13 11:40:38,378 - end_of_day | INFO : 104 - out_time message: 
2020-02-13 11:40:39,479 - end_of_day | INFO : 51 - End of Day has started.
2020-02-13 11:40:40,703 - end_of_day | INFO : 104 - out_time message: 
2020-02-13 11:40:41,000 - end_of_day | INFO : 104 - out_time message: 2020-02-13 11:40:40
2020-02-13 11:40:41,003 - end_of_day | INFO : 104 - out_time message: 2020-02-13 11:40:40
2020-02-13 11:40:41,875 - end_of_day | INFO : 51 - End of Day has started.
2020-02-13 11:40:43,016 - end_of_day | INFO : 104 - out_time message: 
2020-02-13 11:40:44,312 - end_of_day | INFO : 51 - End of Day has started.
2020-02-13 11:40:45,464 - end_of_day | INFO : 104 - out_time message: 
2020-02-13 11:40:46,746 - end_of_day | INFO : 51 - End of Day has started.
2020-02-13 11:40:47,959 - end_of_day | INFO : 104 - out_time message: 
2020-02-13 11:40:48,058 - end_of_day | INFO : 104 - out_time message: 2020-02-13 11:40:47
2020-02-13 11:40:48,059 - end_of_day | INFO : 104 - out_time message: 2020-02-13 11:40:47
2020-02-13 11:40:49,236 - end_of_day | INFO : 51 - End of Day has started.
2020-02-13 11:40:50,433 - end_of_day | INFO : 104 - out_time message: 
2020-02-13 11:40:51,595 - end_of_day | INFO : 51 - End of Day has started.
2020-02-13 11:40:52,688 - end_of_day | INFO : 104 - out_time message: 
2020-02-13 11:40:53,000 - end_of_day | INFO : 104 - out_time message: 2020-02-13 11:40:52
2020-02-13 11:40:53,003 - end_of_day | INFO : 104 - out_time message: 2020-02-13 11:40:52
2020-02-13 11:40:53,992 - end_of_day | INFO : 51 - End of Day has started.
2020-02-13 11:40:55,176 - end_of_day | INFO : 104 - out_time message: 
2020-02-13 11:40:56,401 - end_of_day | INFO : 51 - End of Day has started.
2020-02-13 11:40:57,548 - end_of_day | INFO : 104 - out_time message: 
2020-02-13 11:40:58,769 - end_of_day | INFO : 51 - End of Day has started.
2020-02-13 11:40:59,948 - end_of_day | INFO : 104 - out_time message: 
2020-02-13 11:41:00,062 - end_of_day | INFO : 104 - out_time message: 2020-02-13 11:40:59
2020-02-13 11:41:00,062 - end_of_day | INFO : 104 - out_time message: 2020-02-13 11:40:59
2020-02-13 11:41:01,365 - end_of_day | INFO : 51 - End of Day has started.
2020-02-13 11:41:02,494 - end_of_day | INFO : 104 - out_time message: 
2020-02-13 11:41:03,690 - end_of_day | INFO : 51 - End of Day has started.
2020-02-13 11:41:04,888 - end_of_day | INFO : 104 - out_time message: 
2020-02-13 11:41:05,000 - end_of_day | INFO : 104 - out_time message: 2020-02-13 11:41:04
2020-02-13 11:41:05,003 - end_of_day | INFO : 104 - out_time message: 2020-02-13 11:41:04
2020-02-13 11:41:06,081 - end_of_day | INFO : 51 - End of Day has started.
2020-02-13 11:41:07,305 - end_of_day | INFO : 104 - out_time message: 
2020-02-13 11:41:08,457 - end_of_day | INFO : 51 - End of Day has started.
2020-02-13 11:41:09,710 - end_of_day | INFO : 104 - out_time message: 
2020-02-13 11:41:10,003 - end_of_day | INFO : 104 - out_time message: 2020-02-13 11:41:09
2020-02-13 11:41:10,006 - end_of_day | INFO : 104 - out_time message: 2020-02-13 11:41:09
2020-02-13 11:41:10,927 - end_of_day | INFO : 51 - End of Day has started.
2020-02-13 11:41:12,181 - end_of_day | INFO : 104 - out_time message: 
2020-02-13 11:41:13,328 - end_of_day | INFO : 51 - End of Day has started.
2020-02-13 11:41:14,487 - end_of_day | INFO : 104 - out_time message: 
2020-02-13 11:41:15,746 - end_of_day | INFO : 51 - End of Day has started.
2020-02-13 11:41:16,970 - end_of_day | INFO : 104 - out_time message: 
2020-02-13 11:41:17,059 - end_of_day | INFO : 104 - out_time message: 2020-02-13 11:41:16
2020-02-13 11:41:17,059 - end_of_day | INFO : 104 - out_time message: 2020-02-13 11:41:16
2020-02-13 11:41:18,098 - end_of_day | INFO : 51 - End of Day has started.
2020-02-13 11:41:19,289 - end_of_day | INFO : 104 - out_time message: 
2020-02-13 11:41:20,490 - end_of_day | INFO : 51 - End of Day has started.
2020-02-13 11:41:21,651 - end_of_day | INFO : 104 - out_time message: 
2020-02-13 11:41:22,000 - end_of_day | INFO : 104 - out_time message: 2020-02-13 11:41:21
2020-02-13 11:41:22,003 - end_of_day | INFO : 104 - out_time message: 2020-02-13 11:41:21
2020-02-13 11:41:22,997 - end_of_day | INFO : 51 - End of Day has started.
2020-02-13 11:41:24,155 - end_of_day | INFO : 104 - out_time message: 
2020-02-13 11:41:25,282 - end_of_day | INFO : 51 - End of Day has started.
2020-02-13 11:41:26,532 - end_of_day | INFO : 104 - out_time message: 
2020-02-13 11:41:27,737 - end_of_day | INFO : 51 - End of Day has started.
2020-02-13 11:41:28,900 - end_of_day | INFO : 104 - out_time message: 
2020-02-13 11:41:29,000 - end_of_day | INFO : 104 - out_time message: 2020-02-13 11:41:28
2020-02-13 11:41:29,003 - end_of_day | INFO : 104 - out_time message: 2020-02-13 11:41:28
2020-02-13 11:41:30,418 - end_of_day | INFO : 51 - End of Day has started.
2020-02-13 11:41:31,551 - end_of_day | INFO : 104 - out_time message: 
2020-02-13 11:41:32,796 - end_of_day | INFO : 51 - End of Day has started.
2020-02-13 11:41:33,934 - end_of_day | INFO : 104 - out_time message: 
2020-02-13 11:41:34,026 - end_of_day | INFO : 104 - out_time message: 2020-02-13 11:41:33
2020-02-13 11:41:34,028 - end_of_day | INFO : 104 - out_time message: 2020-02-13 11:41:33
2020-02-13 11:41:35,118 - end_of_day | INFO : 51 - End of Day has started.
2020-02-13 11:41:36,372 - end_of_day | INFO : 104 - out_time message: 
2020-02-13 11:41:37,540 - end_of_day | INFO : 51 - End of Day has started.
2020-02-13 11:41:38,742 - end_of_day | INFO : 104 - out_time message: 
2020-02-13 11:41:39,000 - end_of_day | INFO : 104 - out_time message: 2020-02-13 11:41:38
2020-02-13 11:41:39,003 - end_of_day | INFO : 104 - out_time message: 2020-02-13 11:41:38
2020-02-13 11:41:39,976 - end_of_day | INFO : 51 - End of Day has started.
2020-02-13 11:41:41,132 - end_of_day | INFO : 104 - out_time message: 
2020-02-13 11:41:42,305 - end_of_day | INFO : 51 - End of Day has started.
2020-02-13 11:41:43,493 - end_of_day | INFO : 104 - out_time message: 
2020-02-13 11:41:44,713 - end_of_day | INFO : 51 - End of Day has started.
2020-02-13 11:41:45,915 - end_of_day | INFO : 104 - out_time message: 
2020-02-13 11:41:46,006 - end_of_day | INFO : 104 - out_time message: 2020-02-13 11:41:45
2020-02-13 11:41:46,006 - end_of_day | INFO : 104 - out_time message: 2020-02-13 11:41:45
2020-02-13 11:41:47,117 - end_of_day | INFO : 51 - End of Day has started.
2020-02-13 11:41:48,325 - end_of_day | INFO : 104 - out_time message: 
2020-02-13 11:41:49,546 - end_of_day | INFO : 51 - End of Day has started.
2020-02-13 11:41:50,732 - end_of_day | INFO : 104 - out_time message: 
2020-02-13 11:41:51,000 - end_of_day | INFO : 104 - out_time message: 2020-02-13 11:41:50
2020-02-13 11:41:51,003 - end_of_day | INFO : 104 - out_time message: 2020-02-13 11:41:50
2020-02-13 11:41:51,917 - end_of_day | INFO : 51 - End of Day has started.
2020-02-13 11:41:53,073 - end_of_day | INFO : 104 - out_time message: 
2020-02-13 11:41:54,349 - end_of_day | INFO : 51 - End of Day has started.
2020-02-13 11:41:55,503 - end_of_day | INFO : 104 - out_time message: 
2020-02-13 11:41:56,770 - end_of_day | INFO : 51 - End of Day has started.
2020-02-13 11:41:57,954 - end_of_day | INFO : 104 - out_time message: 
2020-02-13 11:41:58,061 - end_of_day | INFO : 104 - out_time message: 2020-02-13 11:41:57
2020-02-13 11:41:58,063 - end_of_day | INFO : 104 - out_time message: 2020-02-13 11:41:57
2020-02-13 11:41:59,148 - end_of_day | INFO : 51 - End of Day has started.
2020-02-13 11:42:00,322 - end_of_day | INFO : 104 - out_time message: 
2020-02-13 11:42:01,634 - end_of_day | INFO : 51 - End of Day has started.
2020-02-13 11:42:02,756 - end_of_day | INFO : 104 - out_time message: 
2020-02-13 11:42:03,000 - end_of_day | INFO : 104 - out_time message: 2020-02-13 11:42:02
2020-02-13 11:42:03,003 - end_of_day | INFO : 104 - out_time message: 2020-02-13 11:42:02
2020-02-13 11:42:04,091 - end_of_day | INFO : 51 - End of Day has started.
2020-02-13 11:42:05,309 - end_of_day | INFO : 104 - out_time message: 
2020-02-13 11:42:06,394 - end_of_day | INFO : 51 - End of Day has started.
2020-02-13 11:42:07,500 - end_of_day | INFO : 104 - out_time message: 
2020-02-13 11:42:08,000 - end_of_day | INFO : 104 - out_time message: 2020-02-13 11:42:07
2020-02-13 11:42:08,003 - end_of_day | INFO : 104 - out_time message: 2020-02-13 11:42:07
2020-02-13 11:42:08,799 - end_of_day | INFO : 51 - End of Day has started.
2020-02-13 11:42:09,957 - end_of_day | INFO : 104 - out_time message: 
2020-02-13 11:42:10,105 - end_of_day | INFO : 104 - out_time message: 2020-02-13 11:42:09
2020-02-13 11:42:10,109 - end_of_day | INFO : 104 - out_time message: 2020-02-13 11:42:09
2020-02-13 11:42:11,220 - end_of_day | INFO : 51 - End of Day has started.
2020-02-13 11:42:12,352 - end_of_day | INFO : 104 - out_time message: 
2020-02-13 11:42:13,605 - end_of_day | INFO : 51 - End of Day has started.
2020-02-13 11:42:14,737 - end_of_day | INFO : 104 - out_time message: 
2020-02-13 11:42:15,000 - end_of_day | INFO : 104 - out_time message: 2020-02-13 11:42:14
2020-02-13 11:42:15,003 - end_of_day | INFO : 104 - out_time message: 2020-02-13 11:42:14
2020-02-13 11:42:16,022 - end_of_day | INFO : 51 - End of Day has started.
2020-02-13 11:42:17,148 - end_of_day | INFO : 104 - out_time message: 
2020-02-13 11:42:18,467 - end_of_day | INFO : 51 - End of Day has started.
2020-02-13 11:42:19,716 - end_of_day | INFO : 104 - out_time message: 
2020-02-13 11:42:20,002 - end_of_day | INFO : 104 - out_time message: 2020-02-13 11:42:19
2020-02-13 11:42:20,003 - end_of_day | INFO : 104 - out_time message: 2020-02-13 11:42:19
2020-02-13 11:42:20,907 - end_of_day | INFO : 51 - End of Day has started.
2020-02-13 11:42:22,042 - end_of_day | INFO : 104 - out_time message: 
2020-02-13 11:42:23,246 - end_of_day | INFO : 51 - End of Day has started.
2020-02-13 11:42:24,443 - end_of_day | INFO : 104 - out_time message: 
2020-02-13 11:42:25,601 - end_of_day | INFO : 51 - End of Day has started.
2020-02-13 11:42:26,786 - end_of_day | INFO : 104 - out_time message: 
2020-02-13 11:42:27,000 - end_of_day | INFO : 104 - out_time message: 2020-02-13 11:42:26
2020-02-13 11:42:27,003 - end_of_day | INFO : 104 - out_time message: 2020-02-13 11:42:26
2020-02-13 11:42:28,121 - end_of_day | INFO : 51 - End of Day has started.
2020-02-13 11:42:29,338 - end_of_day | INFO : 104 - out_time message: 
2020-02-13 11:42:30,526 - end_of_day | INFO : 51 - End of Day has started.
2020-02-13 11:42:31,661 - end_of_day | INFO : 104 - out_time message: 
2020-02-13 11:42:32,000 - end_of_day | INFO : 104 - out_time message: 2020-02-13 11:42:31
2020-02-13 11:42:32,003 - end_of_day | INFO : 104 - out_time message: 2020-02-13 11:42:31
2020-02-13 11:42:32,904 - end_of_day | INFO : 51 - End of Day has started.
2020-02-13 11:42:34,131 - end_of_day | INFO : 104 - out_time message: 
2020-02-13 11:42:35,263 - end_of_day | INFO : 51 - End of Day has started.
2020-02-13 11:42:36,438 - end_of_day | INFO : 104 - out_time message: 
2020-02-13 11:42:37,000 - end_of_day | INFO : 104 - out_time message: 2020-02-13 11:42:36
2020-02-13 11:42:37,003 - end_of_day | INFO : 104 - out_time message: 2020-02-13 11:42:36
2020-02-13 11:52:24,362 - end_of_day | INFO : 51 - End of Day has started.
2020-02-13 11:52:25,625 - end_of_day | INFO : 104 - out_time message: 
2020-02-13 11:52:26,861 - end_of_day | INFO : 51 - End of Day has started.
2020-02-13 11:52:28,119 - end_of_day | INFO : 104 - out_time message: 
2020-02-13 11:52:29,145 - end_of_day | INFO : 51 - End of Day has started.
2020-02-13 11:52:30,420 - end_of_day | INFO : 104 - out_time message: 
2020-02-13 11:52:31,000 - end_of_day | INFO : 104 - out_time message: 2020-02-13 11:52:30
2020-02-13 11:52:31,003 - end_of_day | INFO : 104 - out_time message: 2020-02-13 11:52:30
2020-02-13 11:53:34,523 - end_of_day | INFO : 51 - End of Day has started.
2020-02-13 11:53:35,825 - end_of_day | INFO : 104 - out_time message: 
2020-02-13 11:53:36,002 - end_of_day | INFO : 104 - out_time message: 2020-02-13 11:53:35
2020-02-13 11:53:36,006 - end_of_day | INFO : 104 - out_time message: 2020-02-13 11:53:35
2020-02-13 11:53:36,871 - end_of_day | INFO : 51 - End of Day has started.
2020-02-13 11:53:38,072 - end_of_day | INFO : 104 - out_time message: 
2020-02-13 11:53:39,244 - end_of_day | INFO : 51 - End of Day has started.
2020-02-13 11:53:40,482 - end_of_day | INFO : 104 - out_time message: 
2020-02-13 11:53:41,000 - end_of_day | INFO : 104 - out_time message: 2020-02-13 11:53:40
2020-02-13 11:53:41,003 - end_of_day | INFO : 104 - out_time message: 2020-02-13 11:53:40
2020-02-13 12:03:06,611 - end_of_day | INFO : 51 - End of Day has started.
2020-02-13 12:03:07,825 - end_of_day | INFO : 104 - out_time message: 
2020-02-13 12:03:08,000 - end_of_day | INFO : 104 - out_time message: 2020-02-13 12:03:07
2020-02-13 12:03:08,003 - end_of_day | INFO : 104 - out_time message: 2020-02-13 12:03:07
2020-02-13 12:03:09,045 - end_of_day | INFO : 51 - End of Day has started.
2020-02-13 12:03:10,280 - end_of_day | INFO : 104 - out_time message: 
2020-02-13 12:03:11,388 - end_of_day | INFO : 51 - End of Day has started.
2020-02-13 12:03:12,634 - end_of_day | INFO : 104 - out_time message: 
2020-02-13 12:03:13,727 - end_of_day | INFO : 51 - End of Day has started.
2020-02-13 12:03:14,976 - end_of_day | INFO : 104 - out_time message: 
2020-02-13 12:03:15,075 - end_of_day | INFO : 104 - out_time message: 2020-02-13 12:03:14
2020-02-13 12:03:15,078 - end_of_day | INFO : 104 - out_time message: 2020-02-13 12:03:14
2020-02-13 12:03:16,183 - end_of_day | INFO : 51 - End of Day has started.
2020-02-13 12:03:17,477 - end_of_day | INFO : 104 - out_time message: 
2020-02-13 12:03:18,584 - end_of_day | INFO : 51 - End of Day has started.
2020-02-13 12:03:19,892 - end_of_day | INFO : 104 - out_time message: 
2020-02-13 12:03:20,016 - end_of_day | INFO : 104 - out_time message: 2020-02-13 12:03:19
2020-02-13 12:03:20,019 - end_of_day | INFO : 104 - out_time message: 2020-02-13 12:03:19
2020-02-13 12:03:21,016 - end_of_day | INFO : 51 - End of Day has started.
2020-02-13 12:03:22,244 - end_of_day | INFO : 104 - out_time message: 
2020-02-13 12:03:23,471 - end_of_day | INFO : 51 - End of Day has started.
2020-02-13 12:03:24,744 - end_of_day | INFO : 104 - out_time message: 
2020-02-13 12:03:25,000 - end_of_day | INFO : 104 - out_time message: 2020-02-13 12:03:24
2020-02-13 12:03:25,003 - end_of_day | INFO : 104 - out_time message: 2020-02-13 12:03:24
2020-02-13 12:03:25,924 - end_of_day | INFO : 51 - End of Day has started.
2020-02-13 12:03:27,137 - end_of_day | INFO : 104 - out_time message: 
2020-02-13 12:03:28,246 - end_of_day | INFO : 51 - End of Day has started.
2020-02-13 12:03:29,493 - end_of_day | INFO : 104 - out_time message: 
2020-02-13 12:03:30,653 - end_of_day | INFO : 51 - End of Day has started.
2020-02-13 12:03:31,944 - end_of_day | INFO : 104 - out_time message: 
2020-02-13 12:03:32,052 - end_of_day | INFO : 104 - out_time message: 2020-02-13 12:03:31
2020-02-13 12:03:32,056 - end_of_day | INFO : 104 - out_time message: 2020-02-13 12:03:31
2020-02-13 12:05:49,448 - end_of_day | INFO : 51 - End of Day has started.
2020-02-13 12:05:50,638 - end_of_day | INFO : 104 - out_time message: 
2020-02-13 12:05:51,881 - end_of_day | INFO : 51 - End of Day has started.
2020-02-13 12:05:53,115 - end_of_day | INFO : 104 - out_time message: 
2020-02-13 12:05:54,239 - end_of_day | INFO : 51 - End of Day has started.
2020-02-13 12:05:55,440 - end_of_day | INFO : 104 - out_time message: 
2020-02-13 12:05:56,002 - end_of_day | INFO : 104 - out_time message: 2020-02-13 12:05:55
2020-02-13 12:05:56,006 - end_of_day | INFO : 104 - out_time message: 2020-02-13 12:05:55
2020-02-13 12:07:11,920 - end_of_day | INFO : 51 - End of Day has started.
2020-02-13 12:07:13,428 - end_of_day | INFO : 104 - out_time message: 
2020-02-13 12:07:14,273 - end_of_day | INFO : 51 - End of Day has started.
2020-02-13 12:07:15,484 - end_of_day | INFO : 104 - out_time message: 
2020-02-13 12:07:16,822 - end_of_day | INFO : 51 - End of Day has started.
2020-02-13 12:07:18,049 - end_of_day | INFO : 104 - out_time message: 
2020-02-13 12:07:19,072 - end_of_day | INFO : 51 - End of Day has started.
2020-02-13 12:07:20,289 - end_of_day | INFO : 104 - out_time message: 
2020-02-13 12:07:21,002 - end_of_day | INFO : 104 - out_time message: 2020-02-13 12:07:20
2020-02-13 12:07:21,005 - end_of_day | INFO : 104 - out_time message: 2020-02-13 12:07:20
2020-02-13 12:09:15,680 - end_of_day | INFO : 51 - End of Day has started.
2020-02-13 12:09:16,911 - end_of_day | INFO : 104 - out_time message: 
2020-02-13 12:09:17,005 - end_of_day | INFO : 104 - out_time message: 2020-02-13 12:09:16
2020-02-13 12:09:17,006 - end_of_day | INFO : 104 - out_time message: 2020-02-13 12:09:16
2020-02-13 12:09:17,999 - end_of_day | INFO : 51 - End of Day has started.
2020-02-13 12:09:19,237 - end_of_day | INFO : 104 - out_time message: 
2020-02-13 12:09:20,398 - end_of_day | INFO : 51 - End of Day has started.
2020-02-13 12:09:21,624 - end_of_day | INFO : 104 - out_time message: 
2020-02-13 12:09:22,836 - end_of_day | INFO : 51 - End of Day has started.
2020-02-13 12:09:24,095 - end_of_day | INFO : 104 - out_time message: 
2020-02-13 12:09:25,250 - end_of_day | INFO : 51 - End of Day has started.
2020-02-13 12:09:26,516 - end_of_day | INFO : 104 - out_time message: 
2020-02-13 12:09:27,627 - end_of_day | INFO : 51 - End of Day has started.
2020-02-13 12:09:28,835 - end_of_day | INFO : 104 - out_time message: 
2020-02-13 12:09:29,002 - end_of_day | INFO : 104 - out_time message: 2020-02-13 12:09:28
2020-02-13 12:09:29,005 - end_of_day | INFO : 104 - out_time message: 2020-02-13 12:09:28
2020-02-13 12:09:29,994 - end_of_day | INFO : 51 - End of Day has started.
2020-02-13 12:09:31,369 - end_of_day | INFO : 104 - out_time message: 
2020-02-13 12:09:32,375 - end_of_day | INFO : 51 - End of Day has started.
2020-02-13 12:09:33,542 - end_of_day | INFO : 104 - out_time message: 
2020-02-13 12:09:34,836 - end_of_day | INFO : 51 - End of Day has started.
2020-02-13 12:09:36,032 - end_of_day | INFO : 104 - out_time message: 
2020-02-13 12:09:37,253 - end_of_day | INFO : 51 - End of Day has started.
2020-02-13 12:09:38,448 - end_of_day | INFO : 104 - out_time message: 
2020-02-13 12:09:39,562 - end_of_day | INFO : 51 - End of Day has started.
2020-02-13 12:09:40,726 - end_of_day | INFO : 104 - out_time message: 
2020-02-13 12:09:41,002 - end_of_day | INFO : 104 - out_time message: 2020-02-13 12:09:40
2020-02-13 12:09:41,005 - end_of_day | INFO : 104 - out_time message: 2020-02-13 12:09:40
2020-02-13 12:09:42,045 - end_of_day | INFO : 51 - End of Day has started.
2020-02-13 12:09:43,306 - end_of_day | INFO : 104 - out_time message: 
2020-02-13 12:09:44,415 - end_of_day | INFO : 51 - End of Day has started.
2020-02-13 12:09:45,596 - end_of_day | INFO : 104 - out_time message: 
2020-02-13 12:09:46,765 - end_of_day | INFO : 51 - End of Day has started.
2020-02-13 12:09:47,957 - end_of_day | INFO : 104 - out_time message: 
2020-02-13 12:09:48,055 - end_of_day | INFO : 104 - out_time message: 2020-02-13 12:09:47
2020-02-13 12:09:48,056 - end_of_day | INFO : 104 - out_time message: 2020-02-13 12:09:47
2020-02-13 12:09:49,164 - end_of_day | INFO : 51 - End of Day has started.
2020-02-13 12:09:50,348 - end_of_day | INFO : 104 - out_time message: 
2020-02-13 12:09:51,555 - end_of_day | INFO : 51 - End of Day has started.
2020-02-13 12:09:52,720 - end_of_day | INFO : 104 - out_time message: 
2020-02-13 12:09:53,002 - end_of_day | INFO : 104 - out_time message: 2020-02-13 12:09:52
2020-02-13 12:09:53,005 - end_of_day | INFO : 104 - out_time message: 2020-02-13 12:09:52
2020-02-13 12:09:53,947 - end_of_day | INFO : 51 - End of Day has started.
2020-02-13 12:09:55,141 - end_of_day | INFO : 104 - out_time message: 
2020-02-13 12:09:56,423 - end_of_day | INFO : 51 - End of Day has started.
2020-02-13 12:09:57,752 - end_of_day | INFO : 104 - out_time message: 
2020-02-13 12:09:58,726 - end_of_day | INFO : 51 - End of Day has started.
2020-02-13 12:09:59,960 - end_of_day | INFO : 104 - out_time message: 
2020-02-13 12:10:00,053 - end_of_day | INFO : 104 - out_time message: 2020-02-13 12:09:59
2020-02-13 12:10:00,053 - end_of_day | INFO : 104 - out_time message: 2020-02-13 12:09:59
2020-02-13 12:10:01,196 - end_of_day | INFO : 51 - End of Day has started.
2020-02-13 12:10:02,417 - end_of_day | INFO : 104 - out_time message: 
2020-02-13 12:10:03,572 - end_of_day | INFO : 51 - End of Day has started.
2020-02-13 12:10:04,772 - end_of_day | INFO : 104 - out_time message: 
2020-02-13 12:10:05,002 - end_of_day | INFO : 104 - out_time message: 2020-02-13 12:10:04
2020-02-13 12:10:05,003 - end_of_day | INFO : 104 - out_time message: 2020-02-13 12:10:04
2020-02-13 12:10:06,026 - end_of_day | INFO : 51 - End of Day has started.
2020-02-13 12:10:07,276 - end_of_day | INFO : 104 - out_time message: 
2020-02-13 12:10:08,371 - end_of_day | INFO : 51 - End of Day has started.
2020-02-13 12:10:09,555 - end_of_day | INFO : 104 - out_time message: 
2020-02-13 12:10:10,823 - end_of_day | INFO : 51 - End of Day has started.
2020-02-13 12:10:12,049 - end_of_day | INFO : 104 - out_time message: 
2020-02-13 12:10:13,155 - end_of_day | INFO : 51 - End of Day has started.
2020-02-13 12:10:14,328 - end_of_day | INFO : 104 - out_time message: 
2020-02-13 12:10:15,512 - end_of_day | INFO : 51 - End of Day has started.
2020-02-13 12:10:16,743 - end_of_day | INFO : 104 - out_time message: 
2020-02-13 12:10:17,000 - end_of_day | INFO : 104 - out_time message: 2020-02-13 12:10:16
2020-02-13 12:10:17,003 - end_of_day | INFO : 104 - out_time message: 2020-02-13 12:10:16
2020-02-13 12:10:17,933 - end_of_day | INFO : 51 - End of Day has started.
2020-02-13 12:10:19,151 - end_of_day | INFO : 104 - out_time message: 
2020-02-13 12:10:20,377 - end_of_day | INFO : 51 - End of Day has started.
2020-02-13 12:10:21,592 - end_of_day | INFO : 104 - out_time message: 
2020-02-13 12:10:22,775 - end_of_day | INFO : 51 - End of Day has started.
2020-02-13 12:10:24,009 - end_of_day | INFO : 104 - out_time message: 
2020-02-13 12:10:25,230 - end_of_day | INFO : 51 - End of Day has started.
2020-02-13 12:10:26,496 - end_of_day | INFO : 104 - out_time message: 
2020-02-13 12:10:27,532 - end_of_day | INFO : 51 - End of Day has started.
2020-02-13 12:10:28,713 - end_of_day | INFO : 104 - out_time message: 
2020-02-13 12:10:29,002 - end_of_day | INFO : 104 - out_time message: 2020-02-13 12:10:28
2020-02-13 12:10:29,005 - end_of_day | INFO : 104 - out_time message: 2020-02-13 12:10:28
2020-02-13 12:10:29,946 - end_of_day | INFO : 51 - End of Day has started.
2020-02-13 12:10:31,206 - end_of_day | INFO : 104 - out_time message: 
2020-02-13 12:10:32,253 - end_of_day | INFO : 51 - End of Day has started.
2020-02-13 12:10:33,480 - end_of_day | INFO : 104 - out_time message: 
2020-02-13 12:10:34,753 - end_of_day | INFO : 51 - End of Day has started.
2020-02-13 12:10:35,931 - end_of_day | INFO : 104 - out_time message: 
2020-02-13 12:10:36,059 - end_of_day | INFO : 104 - out_time message: 2020-02-13 12:10:35
2020-02-13 12:10:36,062 - end_of_day | INFO : 104 - out_time message: 2020-02-13 12:10:35
2020-02-13 12:10:37,167 - end_of_day | INFO : 51 - End of Day has started.
2020-02-13 12:10:38,384 - end_of_day | INFO : 104 - out_time message: 
2020-02-13 12:10:39,519 - end_of_day | INFO : 51 - End of Day has started.
2020-02-13 12:10:40,747 - end_of_day | INFO : 104 - out_time message: 
2020-02-13 12:10:41,000 - end_of_day | INFO : 104 - out_time message: 2020-02-13 12:10:40
2020-02-13 12:10:41,003 - end_of_day | INFO : 104 - out_time message: 2020-02-13 12:10:40
2020-02-13 12:10:41,871 - end_of_day | INFO : 51 - End of Day has started.
2020-02-13 12:10:43,114 - end_of_day | INFO : 104 - out_time message: 
2020-02-13 12:10:44,273 - end_of_day | INFO : 51 - End of Day has started.
2020-02-13 12:10:45,483 - end_of_day | INFO : 104 - out_time message: 
2020-02-13 12:10:46,684 - end_of_day | INFO : 51 - End of Day has started.
2020-02-13 12:10:47,921 - end_of_day | INFO : 104 - out_time message: 
2020-02-13 12:10:48,026 - end_of_day | INFO : 104 - out_time message: 2020-02-13 12:10:47
2020-02-13 12:10:48,029 - end_of_day | INFO : 104 - out_time message: 2020-02-13 12:10:47
2020-02-13 12:10:49,121 - end_of_day | INFO : 51 - End of Day has started.
2020-02-13 12:10:50,385 - end_of_day | INFO : 104 - out_time message: 
2020-02-13 12:10:51,450 - end_of_day | INFO : 51 - End of Day has started.
2020-02-13 12:10:52,632 - end_of_day | INFO : 104 - out_time message: 
2020-02-13 12:10:53,854 - end_of_day | INFO : 51 - End of Day has started.
2020-02-13 12:10:55,121 - end_of_day | INFO : 104 - out_time message: 
2020-02-13 12:10:56,174 - end_of_day | INFO : 51 - End of Day has started.
2020-02-13 12:10:57,424 - end_of_day | INFO : 104 - out_time message: 
2020-02-13 12:10:58,644 - end_of_day | INFO : 51 - End of Day has started.
2020-02-13 12:10:59,875 - end_of_day | INFO : 104 - out_time message: 
2020-02-13 12:11:00,000 - end_of_day | INFO : 104 - out_time message: 2020-02-13 12:10:59
2020-02-13 12:11:00,002 - end_of_day | INFO : 104 - out_time message: 2020-02-13 12:10:59
2020-02-13 12:11:01,059 - end_of_day | INFO : 51 - End of Day has started.
2020-02-13 12:11:02,302 - end_of_day | INFO : 104 - out_time message: 
2020-02-13 12:11:03,000 - end_of_day | INFO : 104 - out_time message: 2020-02-13 12:11:02
2020-02-13 12:11:03,003 - end_of_day | INFO : 104 - out_time message: 2020-02-13 12:11:02
2020-02-13 12:16:10,243 - end_of_day | INFO : 51 - End of Day has started.
2020-02-13 12:16:11,473 - end_of_day | INFO : 104 - out_time message: 
2020-02-13 12:16:12,704 - end_of_day | INFO : 51 - End of Day has started.
2020-02-13 12:16:13,936 - end_of_day | INFO : 104 - out_time message: 
2020-02-13 12:16:14,032 - end_of_day | INFO : 104 - out_time message: 2020-02-13 12:16:13
2020-02-13 12:16:14,035 - end_of_day | INFO : 104 - out_time message: 2020-02-13 12:16:13
2020-02-13 12:16:15,161 - end_of_day | INFO : 51 - End of Day has started.
2020-02-13 12:16:16,384 - end_of_day | INFO : 104 - out_time message: 
2020-02-13 12:16:17,532 - end_of_day | INFO : 51 - End of Day has started.
2020-02-13 12:16:18,776 - end_of_day | INFO : 104 - out_time message: 
2020-02-13 12:16:19,000 - end_of_day | INFO : 104 - out_time message: 2020-02-13 12:16:18
2020-02-13 12:16:19,003 - end_of_day | INFO : 104 - out_time message: 2020-02-13 12:16:18
2020-02-13 12:16:19,869 - end_of_day | INFO : 51 - End of Day has started.
2020-02-13 12:16:21,084 - end_of_day | INFO : 104 - out_time message: 
2020-02-13 12:16:22,321 - end_of_day | INFO : 51 - End of Day has started.
2020-02-13 12:16:23,668 - end_of_day | INFO : 104 - out_time message: 
2020-02-13 12:16:24,648 - end_of_day | INFO : 51 - End of Day has started.
2020-02-13 12:16:25,877 - end_of_day | INFO : 104 - out_time message: 
2020-02-13 12:16:26,003 - end_of_day | INFO : 104 - out_time message: 2020-02-13 12:16:25
2020-02-13 12:16:26,007 - end_of_day | INFO : 104 - out_time message: 2020-02-13 12:16:25
2020-02-13 12:16:27,079 - end_of_day | INFO : 51 - End of Day has started.
2020-02-13 12:16:28,329 - end_of_day | INFO : 104 - out_time message: 
2020-02-13 12:16:29,502 - end_of_day | INFO : 51 - End of Day has started.
2020-02-13 12:16:30,707 - end_of_day | INFO : 104 - out_time message: 
2020-02-13 12:16:31,000 - end_of_day | INFO : 104 - out_time message: 2020-02-13 12:16:30
2020-02-13 12:16:31,003 - end_of_day | INFO : 104 - out_time message: 2020-02-13 12:16:30
2020-02-13 12:16:31,882 - end_of_day | INFO : 51 - End of Day has started.
2020-02-13 12:16:33,062 - end_of_day | INFO : 104 - out_time message: 
2020-02-13 12:16:34,266 - end_of_day | INFO : 51 - End of Day has started.
2020-02-13 12:16:35,460 - end_of_day | INFO : 104 - out_time message: 
2020-02-13 12:16:36,592 - end_of_day | INFO : 51 - End of Day has started.
2020-02-13 12:16:37,753 - end_of_day | INFO : 104 - out_time message: 
2020-02-13 12:16:38,000 - end_of_day | INFO : 104 - out_time message: 2020-02-13 12:16:37
2020-02-13 12:16:38,003 - end_of_day | INFO : 104 - out_time message: 2020-02-13 12:16:37
2020-02-13 12:16:39,091 - end_of_day | INFO : 51 - End of Day has started.
2020-02-13 12:16:40,298 - end_of_day | INFO : 104 - out_time message: 
2020-02-13 12:16:41,437 - end_of_day | INFO : 51 - End of Day has started.
2020-02-13 12:16:42,733 - end_of_day | INFO : 104 - out_time message: 
2020-02-13 12:16:43,000 - end_of_day | INFO : 104 - out_time message: 2020-02-13 12:16:42
2020-02-13 12:16:43,003 - end_of_day | INFO : 104 - out_time message: 2020-02-13 12:16:42
2020-02-13 12:16:43,802 - end_of_day | INFO : 51 - End of Day has started.
2020-02-13 12:16:45,084 - end_of_day | INFO : 104 - out_time message: 
2020-02-13 12:16:46,200 - end_of_day | INFO : 51 - End of Day has started.
2020-02-13 12:16:47,463 - end_of_day | INFO : 104 - out_time message: 
2020-02-13 12:16:48,599 - end_of_day | INFO : 51 - End of Day has started.
2020-02-13 12:16:49,729 - end_of_day | INFO : 104 - out_time message: 
2020-02-13 12:16:50,003 - end_of_day | INFO : 104 - out_time message: 2020-02-13 12:16:49
2020-02-13 12:16:50,006 - end_of_day | INFO : 104 - out_time message: 2020-02-13 12:16:49
2020-02-13 12:16:51,075 - end_of_day | INFO : 51 - End of Day has started.
2020-02-13 12:16:52,263 - end_of_day | INFO : 104 - out_time message: 
2020-02-13 12:16:53,407 - end_of_day | INFO : 51 - End of Day has started.
2020-02-13 12:16:55,802 - end_of_day | INFO : 51 - End of Day has started.
2020-02-13 12:16:56,977 - end_of_day | INFO : 104 - out_time message: 
2020-02-13 12:16:57,063 - end_of_day | INFO : 104 - out_time message: 2020-02-13 12:16:56
2020-02-13 12:16:57,065 - end_of_day | INFO : 104 - out_time message: 2020-02-13 12:16:56
2020-02-13 12:16:58,163 - end_of_day | INFO : 51 - End of Day has started.
2020-02-13 12:16:59,381 - end_of_day | INFO : 104 - out_time message: 
2020-02-13 12:17:00,592 - end_of_day | INFO : 51 - End of Day has started.
2020-02-13 12:17:01,818 - end_of_day | INFO : 104 - out_time message: 
2020-02-13 12:17:02,002 - end_of_day | INFO : 104 - out_time message: 2020-02-13 12:17:01
2020-02-13 12:17:02,005 - end_of_day | INFO : 104 - out_time message: 2020-02-13 12:17:01
2020-02-13 12:19:01,312 - end_of_day | INFO : 51 - End of Day has started.
2020-02-13 12:19:02,512 - end_of_day | INFO : 104 - out_time message: 
2020-02-13 12:19:03,721 - end_of_day | INFO : 51 - End of Day has started.
2020-02-13 12:19:04,967 - end_of_day | INFO : 104 - out_time message: 
2020-02-13 12:19:05,062 - end_of_day | INFO : 104 - out_time message: 2020-02-13 12:19:04
2020-02-13 12:19:05,065 - end_of_day | INFO : 104 - out_time message: 2020-02-13 12:19:04
2020-02-13 12:19:06,032 - end_of_day | INFO : 51 - End of Day has started.
2020-02-13 12:19:07,180 - end_of_day | INFO : 104 - out_time message: 
2020-02-13 12:19:08,002 - end_of_day | INFO : 104 - out_time message: 2020-02-13 12:19:07
2020-02-13 12:19:08,006 - end_of_day | INFO : 104 - out_time message: 2020-02-13 12:19:07
2020-02-13 12:25:47,033 - end_of_day | INFO : 51 - End of Day has started.
2020-02-13 12:25:48,303 - end_of_day | INFO : 104 - out_time message: 
2020-02-13 12:25:49,332 - end_of_day | INFO : 51 - End of Day has started.
2020-02-13 12:25:50,551 - end_of_day | INFO : 104 - out_time message: 
2020-02-13 12:25:51,769 - end_of_day | INFO : 51 - End of Day has started.
2020-02-13 12:25:53,009 - end_of_day | INFO : 104 - out_time message: 
2020-02-13 12:25:54,108 - end_of_day | INFO : 51 - End of Day has started.
2020-02-13 12:25:55,321 - end_of_day | INFO : 104 - out_time message: 
2020-02-13 12:25:56,486 - end_of_day | INFO : 51 - End of Day has started.
2020-02-13 12:25:57,676 - end_of_day | INFO : 104 - out_time message: 
2020-02-13 12:25:58,002 - end_of_day | INFO : 104 - out_time message: 2020-02-13 12:25:57
2020-02-13 12:25:58,003 - end_of_day | INFO : 104 - out_time message: 2020-02-13 12:25:57
2020-02-13 12:25:58,957 - end_of_day | INFO : 51 - End of Day has started.
2020-02-13 12:26:00,165 - end_of_day | INFO : 104 - out_time message: 
2020-02-13 12:26:01,391 - end_of_day | INFO : 51 - End of Day has started.
2020-02-13 12:26:02,596 - end_of_day | INFO : 104 - out_time message: 
2020-02-13 12:26:03,733 - end_of_day | INFO : 51 - End of Day has started.
2020-02-13 12:26:04,895 - end_of_day | INFO : 104 - out_time message: 
2020-02-13 12:26:05,002 - end_of_day | INFO : 104 - out_time message: 2020-02-13 12:26:04
2020-02-13 12:26:05,005 - end_of_day | INFO : 104 - out_time message: 2020-02-13 12:26:04
2020-02-13 12:26:06,184 - end_of_day | INFO : 51 - End of Day has started.
2020-02-13 12:26:07,375 - end_of_day | INFO : 104 - out_time message: 
2020-02-13 12:26:08,568 - end_of_day | INFO : 51 - End of Day has started.
2020-02-13 12:26:09,798 - end_of_day | INFO : 104 - out_time message: 
2020-02-13 12:26:10,002 - end_of_day | INFO : 104 - out_time message: 2020-02-13 12:26:09
2020-02-13 12:26:10,005 - end_of_day | INFO : 104 - out_time message: 2020-02-13 12:26:09
2020-02-13 12:26:10,946 - end_of_day | INFO : 51 - End of Day has started.
2020-02-13 12:26:12,150 - end_of_day | INFO : 104 - out_time message: 
2020-02-13 12:26:13,319 - end_of_day | INFO : 51 - End of Day has started.
2020-02-13 12:26:14,622 - end_of_day | INFO : 104 - out_time message: 
2020-02-13 12:26:15,717 - end_of_day | INFO : 51 - End of Day has started.
2020-02-13 12:26:16,941 - end_of_day | INFO : 104 - out_time message: 
2020-02-13 12:26:17,043 - end_of_day | INFO : 104 - out_time message: 2020-02-13 12:26:16
2020-02-13 12:26:17,046 - end_of_day | INFO : 104 - out_time message: 2020-02-13 12:26:16
2020-02-13 12:26:18,127 - end_of_day | INFO : 51 - End of Day has started.
2020-02-13 12:26:19,349 - end_of_day | INFO : 104 - out_time message: 
2020-02-13 12:26:20,002 - end_of_day | INFO : 104 - out_time message: 2020-02-13 12:26:19
2020-02-13 12:26:20,003 - end_of_day | INFO : 104 - out_time message: 2020-02-13 12:26:19
2020-02-13 12:36:33,467 - end_of_day | INFO : 51 - End of Day has started.
2020-02-13 12:36:34,765 - end_of_day | INFO : 104 - out_time message: 
2020-02-13 12:36:35,002 - end_of_day | INFO : 104 - out_time message: 2020-02-13 12:36:34
2020-02-13 12:36:35,006 - end_of_day | INFO : 104 - out_time message: 2020-02-13 12:36:34
2020-02-13 12:36:35,874 - end_of_day | INFO : 51 - End of Day has started.
2020-02-13 12:36:37,078 - end_of_day | INFO : 104 - out_time message: 
2020-02-13 12:36:38,206 - end_of_day | INFO : 51 - End of Day has started.
2020-02-13 12:36:39,426 - end_of_day | INFO : 104 - out_time message: 
2020-02-13 12:36:40,000 - end_of_day | INFO : 104 - out_time message: 2020-02-13 12:36:39
2020-02-13 12:36:40,003 - end_of_day | INFO : 104 - out_time message: 2020-02-13 12:36:39
2020-02-13 15:18:43,808 - end_of_day | INFO : 51 - End of Day has started.
2020-02-13 15:18:44,933 - end_of_day | INFO : 104 - out_time message: 
2020-02-13 15:18:45,022 - end_of_day | INFO : 104 - out_time message: 2020-02-13 15:18:44
2020-02-13 15:18:45,023 - end_of_day | INFO : 104 - out_time message: 2020-02-13 15:18:44
2020-02-13 18:31:01,798 - end_of_day | INFO : 51 - End of Day has started.
2020-02-13 18:31:03,066 - end_of_day | INFO : 104 - out_time message: 
2020-02-13 18:31:04,000 - end_of_day | INFO : 104 - out_time message: 2020-02-13 18:31:02
2020-02-13 18:31:04,003 - end_of_day | INFO : 104 - out_time message: 2020-02-13 18:31:02
2020-02-13 18:31:06,884 - end_of_day | WARNING : 239 - You can't close the window this way!
2020-02-13 18:35:09,298 - end_of_day | INFO : 51 - End of Day has started.
2020-02-13 18:35:10,552 - end_of_day | INFO : 104 - out_time message: 
2020-02-13 18:35:11,000 - end_of_day | INFO : 104 - out_time message: 2020-02-13 18:35:10
2020-02-13 18:35:11,003 - end_of_day | INFO : 104 - out_time message: 2020-02-13 18:35:10
