2019-11-08 16:15:38,526 - eod_continuum | INFO : 59 - Continuum Activated!
2019-11-08 16:15:38,766 - eod_continuum | INFO : 474 - Looking to see if Adam Benson is clocked in....
2019-11-08 16:15:53,253 - eod_continuum | INFO : 474 - Looking to see if Adam Benson is clocked in....
2019-11-08 16:15:53,344 - eod_continuum | INFO : 160 - Finding the last timesheet for Adam Benson
2019-11-08 16:15:53,344 - eod_continuum | DEBUG : 162 - USER ID: 41
2019-11-08 16:15:53,450 - eod_continuum | DEBUG : 180 - Timesheet found: {'sg_task_end': None, 'entity': {'type': 'Task', 'id': 22843, 'name': 'Pipeline'}, 'project': {'type': 'Project', 'id': 547, 'name': 'Admin'}, 'user': {'type': 'HumanUser', 'id': 41, 'name': 'Adam Benson'}, 'date': '2019-11-08', 'type': 'TimeLog', 'id': 1799, 'sg_task_start': datetime.datetime(2019, 11, 8, 15, 57, 57, tzinfo=<shotgun_api3.lib.sgtimezone.LocalTimezone object at 0x00000000034C16D8>)}
2019-11-08 16:15:53,451 - eod_continuum | DEBUG : 208 - Timesheet: {'sg_task_end': None, 'entity': {'type': 'Task', 'id': 22843, 'name': 'Pipeline'}, 'project': {'type': 'Project', 'id': 547, 'name': 'Admin'}, 'user': {'type': 'HumanUser', 'id': 41, 'name': 'Adam Benson'}, 'date': '2019-11-08', 'type': 'TimeLog', 'id': 1799, 'sg_task_start': datetime.datetime(2019, 11, 8, 15, 57, 57, tzinfo=<shotgun_api3.lib.sgtimezone.LocalTimezone object at 0x00000000034C16D8>)}
2019-11-08 16:15:53,855 - eod_continuum | INFO : 216 - Timesheet updated.
2019-11-08 16:20:34,529 - eod_continuum | INFO : 59 - Continuum Activated!
2019-11-08 16:20:34,808 - eod_continuum | INFO : 474 - Looking to see if Adam Benson is clocked in....
2019-11-08 16:21:35,000 - eod_continuum | INFO : 474 - Looking to see if Adam Benson is clocked in....
2019-11-08 16:21:35,210 - eod_continuum | INFO : 160 - Finding the last timesheet for Adam Benson
2019-11-08 16:21:35,210 - eod_continuum | DEBUG : 162 - USER ID: 41
2019-11-08 16:21:35,299 - eod_continuum | DEBUG : 180 - Timesheet found: {'sg_task_end': None, 'entity': {'type': 'Task', 'id': 22843, 'name': 'Pipeline'}, 'project': {'type': 'Project', 'id': 547, 'name': 'Admin'}, 'user': {'type': 'HumanUser', 'id': 41, 'name': 'Adam Benson'}, 'date': '2019-11-08', 'type': 'TimeLog', 'id': 1799, 'sg_task_start': datetime.datetime(2019, 11, 8, 15, 57, 57, tzinfo=<shotgun_api3.lib.sgtimezone.LocalTimezone object at 0x0000000003D016D8>)}
2019-11-08 16:21:35,299 - eod_continuum | DEBUG : 208 - Timesheet: {'sg_task_end': None, 'entity': {'type': 'Task', 'id': 22843, 'name': 'Pipeline'}, 'project': {'type': 'Project', 'id': 547, 'name': 'Admin'}, 'user': {'type': 'HumanUser', 'id': 41, 'name': 'Adam Benson'}, 'date': '2019-11-08', 'type': 'TimeLog', 'id': 1799, 'sg_task_start': datetime.datetime(2019, 11, 8, 15, 57, 57, tzinfo=<shotgun_api3.lib.sgtimezone.LocalTimezone object at 0x0000000003D016D8>)}
2019-11-08 16:21:35,447 - eod_continuum | INFO : 216 - Timesheet updated.
2019-11-08 16:30:51,714 - eod_continuum | INFO : 59 - Continuum Activated!
2019-11-08 16:30:51,990 - eod_continuum | INFO : 474 - Looking to see if Adam Benson is clocked in....
2019-11-08 16:33:03,309 - eod_continuum | INFO : 59 - Continuum Activated!
2019-11-08 16:33:03,569 - eod_continuum | INFO : 474 - Looking to see if Adam Benson is clocked in....
2019-11-08 16:34:04,000 - eod_continuum | INFO : 474 - Looking to see if Adam Benson is clocked in....
2019-11-08 16:34:04,196 - eod_continuum | INFO : 160 - Finding the last timesheet for Adam Benson
2019-11-08 16:34:04,197 - eod_continuum | DEBUG : 162 - USER ID: 41
2019-11-08 16:34:04,273 - eod_continuum | DEBUG : 180 - Timesheet found: {'sg_task_end': None, 'entity': {'type': 'Task', 'id': 22843, 'name': 'Pipeline'}, 'project': {'type': 'Project', 'id': 547, 'name': 'Admin'}, 'user': {'type': 'HumanUser', 'id': 41, 'name': 'Adam Benson'}, 'date': '2019-11-08', 'type': 'TimeLog', 'id': 1799, 'sg_task_start': datetime.datetime(2019, 11, 8, 15, 57, 57, tzinfo=<shotgun_api3.lib.sgtimezone.LocalTimezone object at 0x0000000003CC16D8>)}
2019-11-08 16:34:04,273 - eod_continuum | DEBUG : 208 - Timesheet: {'sg_task_end': None, 'entity': {'type': 'Task', 'id': 22843, 'name': 'Pipeline'}, 'project': {'type': 'Project', 'id': 547, 'name': 'Admin'}, 'user': {'type': 'HumanUser', 'id': 41, 'name': 'Adam Benson'}, 'date': '2019-11-08', 'type': 'TimeLog', 'id': 1799, 'sg_task_start': datetime.datetime(2019, 11, 8, 15, 57, 57, tzinfo=<shotgun_api3.lib.sgtimezone.LocalTimezone object at 0x0000000003CC16D8>)}
2019-11-08 16:34:04,596 - eod_continuum | INFO : 216 - Timesheet updated.
