2020-01-08 15:22:28,109 - lunch_sg_collection | INFO : 49 - Shotgun Collection Activated!
2020-01-08 15:22:28,200 - lunch_sg_collection | INFO : 85 - Getting project assets...
2020-01-08 15:22:28,282 - lunch_sg_collection | INFO : 98 - Assets collected.
2020-01-08 15:22:28,282 - lunch_sg_collection | INFO : 142 - Getting project shots...
2020-01-08 15:22:28,372 - lunch_sg_collection | INFO : 155 - Shots collected
2020-01-08 15:23:30,440 - lunch_sg_collection | INFO : 49 - Shotgun Collection Activated!
2020-01-08 15:23:30,530 - lunch_sg_collection | INFO : 85 - Getting project assets...
2020-01-08 15:23:30,627 - lunch_sg_collection | INFO : 98 - Assets collected.
2020-01-08 15:23:30,627 - lunch_sg_collection | INFO : 142 - Getting project shots...
2020-01-08 15:23:30,742 - lunch_sg_collection | INFO : 155 - Shots collected
2020-01-08 15:24:17,578 - lunch_sg_collection | INFO : 49 - Shotgun Collection Activated!
2020-01-08 15:24:17,693 - lunch_sg_collection | INFO : 85 - Getting project assets...
2020-01-08 15:24:17,785 - lunch_sg_collection | INFO : 98 - Assets collected.
2020-01-08 15:24:17,785 - lunch_sg_collection | INFO : 142 - Getting project shots...
2020-01-08 15:24:17,894 - lunch_sg_collection | INFO : 155 - Shots collected
2020-01-08 15:24:59,440 - lunch_sg_collection | INFO : 49 - Shotgun Collection Activated!
2020-01-08 15:24:59,529 - lunch_sg_collection | INFO : 85 - Getting project assets...
2020-01-08 15:24:59,638 - lunch_sg_collection | INFO : 98 - Assets collected.
2020-01-08 15:24:59,638 - lunch_sg_collection | INFO : 142 - Getting project shots...
2020-01-08 15:24:59,730 - lunch_sg_collection | INFO : 155 - Shots collected
2020-01-08 15:28:54,859 - lunch_sg_collection | INFO : 49 - Shotgun Collection Activated!
2020-01-08 15:28:54,964 - lunch_sg_collection | INFO : 85 - Getting project assets...
2020-01-08 15:28:55,056 - lunch_sg_collection | INFO : 98 - Assets collected.
2020-01-08 15:28:55,056 - lunch_sg_collection | INFO : 142 - Getting project shots...
2020-01-08 15:28:55,151 - lunch_sg_collection | INFO : 155 - Shots collected
2020-01-08 15:29:43,111 - lunch_sg_collection | INFO : 49 - Shotgun Collection Activated!
2020-01-08 15:29:43,210 - lunch_sg_collection | INFO : 85 - Getting project assets...
2020-01-08 15:29:43,302 - lunch_sg_collection | INFO : 98 - Assets collected.
2020-01-08 15:29:43,302 - lunch_sg_collection | INFO : 142 - Getting project shots...
2020-01-08 15:29:43,404 - lunch_sg_collection | INFO : 155 - Shots collected
2020-01-08 15:31:59,266 - lunch_sg_collection | INFO : 49 - Shotgun Collection Activated!
2020-01-08 15:31:59,390 - lunch_sg_collection | INFO : 85 - Getting project assets...
2020-01-08 15:31:59,486 - lunch_sg_collection | INFO : 98 - Assets collected.
2020-01-08 15:31:59,486 - lunch_sg_collection | INFO : 142 - Getting project shots...
2020-01-08 15:31:59,581 - lunch_sg_collection | INFO : 155 - Shots collected
2020-01-08 15:48:37,292 - lunch_sg_collection | INFO : 49 - Shotgun Collection Activated!
2020-01-08 15:48:37,390 - lunch_sg_collection | INFO : 85 - Getting project assets...
2020-01-08 15:48:37,467 - lunch_sg_collection | INFO : 98 - Assets collected.
2020-01-08 15:48:37,469 - lunch_sg_collection | INFO : 142 - Getting project shots...
2020-01-08 15:48:37,552 - lunch_sg_collection | INFO : 155 - Shots collected
2020-01-08 15:54:00,318 - lunch_sg_collection | INFO : 49 - Shotgun Collection Activated!
2020-01-08 15:54:00,421 - lunch_sg_collection | INFO : 85 - Getting project assets...
2020-01-08 15:54:00,503 - lunch_sg_collection | INFO : 98 - Assets collected.
2020-01-08 15:54:00,505 - lunch_sg_collection | INFO : 142 - Getting project shots...
2020-01-08 15:54:00,598 - lunch_sg_collection | INFO : 155 - Shots collected
2020-01-08 15:54:38,105 - lunch_sg_collection | INFO : 49 - Shotgun Collection Activated!
2020-01-08 15:54:38,219 - lunch_sg_collection | INFO : 85 - Getting project assets...
2020-01-08 15:54:38,309 - lunch_sg_collection | INFO : 98 - Assets collected.
2020-01-08 15:54:38,309 - lunch_sg_collection | INFO : 142 - Getting project shots...
2020-01-08 15:54:38,418 - lunch_sg_collection | INFO : 155 - Shots collected
2020-01-08 15:55:20,292 - lunch_sg_collection | INFO : 49 - Shotgun Collection Activated!
2020-01-08 15:55:20,404 - lunch_sg_collection | INFO : 85 - Getting project assets...
2020-01-08 15:55:20,499 - lunch_sg_collection | INFO : 98 - Assets collected.
2020-01-08 15:55:20,500 - lunch_sg_collection | INFO : 142 - Getting project shots...
2020-01-08 15:55:20,598 - lunch_sg_collection | INFO : 155 - Shots collected
2020-01-08 15:56:30,839 - lunch_sg_collection | INFO : 49 - Shotgun Collection Activated!
2020-01-08 15:56:30,946 - lunch_sg_collection | INFO : 85 - Getting project assets...
2020-01-08 15:56:31,046 - lunch_sg_collection | INFO : 98 - Assets collected.
2020-01-08 15:56:31,046 - lunch_sg_collection | INFO : 142 - Getting project shots...
2020-01-08 15:56:31,177 - lunch_sg_collection | INFO : 155 - Shots collected
2020-01-08 16:00:37,618 - lunch_sg_collection | INFO : 49 - Shotgun Collection Activated!
2020-01-08 16:00:37,720 - lunch_sg_collection | INFO : 85 - Getting project assets...
2020-01-08 16:00:37,812 - lunch_sg_collection | INFO : 98 - Assets collected.
2020-01-08 16:00:37,812 - lunch_sg_collection | INFO : 142 - Getting project shots...
2020-01-08 16:00:37,930 - lunch_sg_collection | INFO : 155 - Shots collected
2020-01-08 16:06:36,447 - lunch_sg_collection | INFO : 49 - Shotgun Collection Activated!
2020-01-08 16:06:36,555 - lunch_sg_collection | INFO : 85 - Getting project assets...
2020-01-08 16:06:36,683 - lunch_sg_collection | INFO : 98 - Assets collected.
2020-01-08 16:06:36,684 - lunch_sg_collection | INFO : 142 - Getting project shots...
2020-01-08 16:06:36,788 - lunch_sg_collection | INFO : 155 - Shots collected
2020-01-08 16:11:07,339 - lunch_sg_collection | INFO : 49 - Shotgun Collection Activated!
2020-01-08 16:11:07,461 - lunch_sg_collection | INFO : 85 - Getting project assets...
2020-01-08 16:11:07,558 - lunch_sg_collection | INFO : 98 - Assets collected.
2020-01-08 16:11:07,559 - lunch_sg_collection | INFO : 142 - Getting project shots...
2020-01-08 16:11:07,677 - lunch_sg_collection | INFO : 155 - Shots collected
2020-01-08 16:15:22,973 - lunch_sg_collection | INFO : 49 - Shotgun Collection Activated!
2020-01-08 16:15:23,071 - lunch_sg_collection | INFO : 85 - Getting project assets...
2020-01-08 16:15:23,174 - lunch_sg_collection | INFO : 98 - Assets collected.
2020-01-08 16:15:23,174 - lunch_sg_collection | INFO : 142 - Getting project shots...
2020-01-08 16:15:23,280 - lunch_sg_collection | INFO : 155 - Shots collected
2020-01-08 16:15:34,835 - lunch_sg_collection | INFO : 49 - Shotgun Collection Activated!
2020-01-08 16:15:34,951 - lunch_sg_collection | INFO : 85 - Getting project assets...
2020-01-08 16:15:35,049 - lunch_sg_collection | INFO : 98 - Assets collected.
2020-01-08 16:15:35,051 - lunch_sg_collection | INFO : 142 - Getting project shots...
2020-01-08 16:15:35,151 - lunch_sg_collection | INFO : 155 - Shots collected
2020-01-08 16:23:25,203 - lunch_sg_collection | INFO : 49 - Shotgun Collection Activated!
2020-01-08 16:23:25,308 - lunch_sg_collection | INFO : 85 - Getting project assets...
2020-01-08 16:23:25,404 - lunch_sg_collection | INFO : 98 - Assets collected.
2020-01-08 16:23:25,404 - lunch_sg_collection | INFO : 142 - Getting project shots...
2020-01-08 16:23:25,489 - lunch_sg_collection | INFO : 155 - Shots collected
