2019-12-13 14:53:16,910 - sg_collection | INFO : 49 - Shotgun Collection Activated!
2019-12-13 14:56:58,615 - sg_collection | INFO : 49 - Shotgun Collection Activated!
2019-12-13 15:07:27,775 - sg_collection | INFO : 49 - Shotgun Collection Activated!
2019-12-13 15:10:44,688 - sg_collection | INFO : 49 - Shotgun Collection Activated!
2019-12-13 15:11:50,987 - sg_collection | INFO : 49 - Shotgun Collection Activated!
2019-12-13 15:15:04,234 - sg_collection | INFO : 49 - Shotgun Collection Activated!
2019-12-13 15:43:34,835 - sg_collection | INFO : 49 - Shotgun Collection Activated!
2019-12-13 16:12:08,296 - sg_collection | INFO : 49 - Shotgun Collection Activated!
2019-12-13 16:12:11,815 - sg_collection | INFO : 54 - Getting active projects
2019-12-13 16:12:11,948 - sg_collection | INFO : 75 - Projects collected!
2019-12-13 16:12:11,950 - sg_collection | ERROR : 116 - Get Active Assets failed.
2019-12-13 16:12:18,180 - sg_collection | INFO : 54 - Getting active projects
2019-12-13 16:12:18,273 - sg_collection | INFO : 75 - Projects collected!
2019-12-13 16:12:18,273 - sg_collection | ERROR : 134 - Get Active Shots failed.
2019-12-13 16:13:19,068 - sg_collection | INFO : 49 - Shotgun Collection Activated!
2019-12-13 16:13:21,904 - sg_collection | INFO : 54 - Getting active projects
2019-12-13 16:13:22,000 - sg_collection | INFO : 75 - Projects collected!
2019-12-13 16:13:22,000 - sg_collection | ERROR : 116 - Get Active Assets failed.
2019-12-13 16:14:45,704 - sg_collection | INFO : 49 - Shotgun Collection Activated!
2019-12-13 16:14:49,690 - sg_collection | INFO : 54 - Getting active projects
2019-12-13 16:14:49,782 - sg_collection | INFO : 75 - Projects collected!
2019-12-13 16:14:49,782 - sg_collection | ERROR : 116 - Get Active Assets failed. 'sg_data' object has no attribute 'find'
2019-12-13 16:15:28,536 - sg_collection | INFO : 49 - Shotgun Collection Activated!
2019-12-13 16:15:31,994 - sg_collection | INFO : 54 - Getting active projects
2019-12-13 16:15:32,089 - sg_collection | INFO : 75 - Projects collected!
2019-12-13 16:16:05,078 - sg_collection | INFO : 49 - Shotgun Collection Activated!
2019-12-13 16:16:09,089 - sg_collection | INFO : 54 - Getting active projects
2019-12-13 16:16:09,253 - sg_collection | INFO : 75 - Projects collected!
2019-12-13 16:16:59,164 - sg_collection | INFO : 49 - Shotgun Collection Activated!
2019-12-13 16:17:01,901 - sg_collection | INFO : 54 - Getting active projects
2019-12-13 16:17:02,072 - sg_collection | INFO : 75 - Projects collected!
2019-12-13 16:18:03,424 - sg_collection | INFO : 54 - Getting active projects
2019-12-13 16:18:03,726 - sg_collection | INFO : 75 - Projects collected!
2019-12-13 16:23:47,367 - sg_collection | INFO : 49 - Shotgun Collection Activated!
2019-12-13 16:23:50,536 - sg_collection | INFO : 54 - Getting active projects
2019-12-13 16:23:50,697 - sg_collection | INFO : 75 - Projects collected!
2019-12-13 16:23:50,796 - sg_collection | INFO : 54 - Getting active projects
2019-12-13 16:23:50,928 - sg_collection | INFO : 75 - Projects collected!
2019-12-13 16:24:23,397 - sg_collection | INFO : 49 - Shotgun Collection Activated!
2019-12-13 16:24:26,575 - sg_collection | INFO : 54 - Getting active projects
2019-12-13 16:24:26,714 - sg_collection | INFO : 75 - Projects collected!
2019-12-13 16:24:26,895 - sg_collection | INFO : 54 - Getting active projects
2019-12-13 16:24:26,989 - sg_collection | INFO : 75 - Projects collected!
2019-12-13 16:25:16,913 - sg_collection | INFO : 49 - Shotgun Collection Activated!
2019-12-13 16:28:03,221 - sg_collection | INFO : 49 - Shotgun Collection Activated!
2019-12-13 16:28:07,299 - sg_collection | INFO : 54 - Getting active projects
2019-12-13 16:28:07,404 - sg_collection | INFO : 75 - Projects collected!
2019-12-13 16:28:07,533 - sg_collection | INFO : 54 - Getting active projects
2019-12-13 16:28:07,648 - sg_collection | INFO : 75 - Projects collected!
2019-12-13 16:28:54,233 - sg_collection | INFO : 49 - Shotgun Collection Activated!
2019-12-13 16:28:57,796 - sg_collection | INFO : 54 - Getting active projects
2019-12-13 16:28:57,878 - sg_collection | INFO : 75 - Projects collected!
2019-12-13 16:28:57,976 - sg_collection | INFO : 54 - Getting active projects
2019-12-13 16:28:58,062 - sg_collection | INFO : 75 - Projects collected!
2019-12-13 16:29:23,967 - sg_collection | INFO : 49 - Shotgun Collection Activated!
2019-12-13 16:29:27,473 - sg_collection | INFO : 54 - Getting active projects
2019-12-13 16:29:27,578 - sg_collection | INFO : 75 - Projects collected!
2019-12-13 16:29:27,688 - sg_collection | INFO : 54 - Getting active projects
2019-12-13 16:29:27,792 - sg_collection | INFO : 75 - Projects collected!
2019-12-13 16:29:48,500 - sg_collection | INFO : 49 - Shotgun Collection Activated!
2019-12-13 16:29:51,622 - sg_collection | INFO : 54 - Getting active projects
2019-12-13 16:29:51,710 - sg_collection | INFO : 75 - Projects collected!
2019-12-13 16:29:51,822 - sg_collection | INFO : 54 - Getting active projects
2019-12-13 16:29:51,927 - sg_collection | INFO : 75 - Projects collected!
2019-12-13 16:30:22,204 - sg_collection | INFO : 49 - Shotgun Collection Activated!
2019-12-13 16:30:25,528 - sg_collection | INFO : 54 - Getting active projects
2019-12-13 16:30:25,627 - sg_collection | INFO : 75 - Projects collected!
2019-12-13 16:30:25,756 - sg_collection | INFO : 54 - Getting active projects
2019-12-13 16:30:25,846 - sg_collection | INFO : 75 - Projects collected!
2019-12-13 16:30:49,256 - sg_collection | INFO : 49 - Shotgun Collection Activated!
2019-12-13 16:30:53,355 - sg_collection | INFO : 54 - Getting active projects
2019-12-13 16:30:53,446 - sg_collection | INFO : 75 - Projects collected!
2019-12-13 16:30:53,546 - sg_collection | INFO : 54 - Getting active projects
2019-12-13 16:30:53,647 - sg_collection | INFO : 75 - Projects collected!
2019-12-13 16:31:12,161 - sg_collection | INFO : 49 - Shotgun Collection Activated!
2019-12-13 16:31:15,269 - sg_collection | INFO : 54 - Getting active projects
2019-12-13 16:31:15,384 - sg_collection | INFO : 75 - Projects collected!
2019-12-13 16:31:15,494 - sg_collection | INFO : 54 - Getting active projects
2019-12-13 16:31:15,584 - sg_collection | INFO : 75 - Projects collected!
2019-12-13 16:31:38,043 - sg_collection | INFO : 54 - Getting active projects
2019-12-13 16:31:38,148 - sg_collection | INFO : 75 - Projects collected!
2019-12-13 16:43:11,973 - sg_collection | INFO : 49 - Shotgun Collection Activated!
2019-12-13 16:43:16,900 - sg_collection | INFO : 54 - Getting active projects
2019-12-13 16:43:17,111 - sg_collection | INFO : 75 - Projects collected!
2019-12-13 16:43:17,286 - sg_collection | INFO : 54 - Getting active projects
2019-12-13 16:43:17,434 - sg_collection | INFO : 75 - Projects collected!
2019-12-13 16:45:49,793 - sg_collection | INFO : 49 - Shotgun Collection Activated!
2019-12-13 16:45:54,036 - sg_collection | INFO : 54 - Getting active projects
2019-12-13 16:45:54,197 - sg_collection | INFO : 75 - Projects collected!
2019-12-13 16:49:04,154 - sg_collection | INFO : 49 - Shotgun Collection Activated!
2019-12-13 16:49:09,213 - sg_collection | INFO : 54 - Getting active projects
2019-12-13 16:49:09,325 - sg_collection | INFO : 75 - Projects collected!
2019-12-13 16:50:11,411 - sg_collection | INFO : 49 - Shotgun Collection Activated!
2019-12-13 16:51:23,546 - sg_collection | INFO : 49 - Shotgun Collection Activated!
2019-12-13 16:51:26,921 - sg_collection | INFO : 54 - Getting active projects
2019-12-13 16:51:27,007 - sg_collection | INFO : 75 - Projects collected!
2019-12-13 17:05:47,638 - sg_collection | INFO : 49 - Shotgun Collection Activated!
2019-12-13 17:09:43,772 - sg_collection | INFO : 54 - Getting active projects
2019-12-13 17:09:43,996 - sg_collection | INFO : 75 - Projects collected!
2019-12-13 17:16:22,168 - sg_collection | INFO : 49 - Shotgun Collection Activated!
2019-12-13 17:16:26,177 - sg_collection | INFO : 54 - Getting active projects
2019-12-13 17:16:26,259 - sg_collection | INFO : 75 - Projects collected!
2019-12-13 17:17:11,888 - sg_collection | INFO : 49 - Shotgun Collection Activated!
2019-12-13 17:17:25,793 - sg_collection | INFO : 49 - Shotgun Collection Activated!
2019-12-13 17:22:01,490 - sg_collection | INFO : 49 - Shotgun Collection Activated!
2019-12-13 17:22:05,381 - sg_collection | INFO : 54 - Getting active projects
2019-12-13 17:22:05,482 - sg_collection | INFO : 75 - Projects collected!
2019-12-13 17:22:37,150 - sg_collection | INFO : 49 - Shotgun Collection Activated!
2019-12-13 17:22:40,341 - sg_collection | INFO : 54 - Getting active projects
2019-12-13 17:22:40,437 - sg_collection | INFO : 75 - Projects collected!
2019-12-13 17:23:07,216 - sg_collection | INFO : 49 - Shotgun Collection Activated!
2019-12-13 17:23:11,124 - sg_collection | INFO : 54 - Getting active projects
2019-12-13 17:23:11,211 - sg_collection | INFO : 75 - Projects collected!
2019-12-13 17:23:31,154 - sg_collection | INFO : 54 - Getting active projects
2019-12-13 17:23:31,249 - sg_collection | INFO : 75 - Projects collected!
2019-12-13 17:24:04,661 - sg_collection | INFO : 49 - Shotgun Collection Activated!
2019-12-13 17:24:07,661 - sg_collection | INFO : 54 - Getting active projects
2019-12-13 17:24:07,753 - sg_collection | INFO : 75 - Projects collected!
2019-12-13 17:24:22,092 - sg_collection | INFO : 49 - Shotgun Collection Activated!
2019-12-13 17:24:26,331 - sg_collection | INFO : 54 - Getting active projects
2019-12-13 17:24:26,417 - sg_collection | INFO : 75 - Projects collected!
2019-12-13 17:25:24,299 - sg_collection | INFO : 49 - Shotgun Collection Activated!
2019-12-13 17:25:27,519 - sg_collection | INFO : 54 - Getting active projects
2019-12-13 17:25:27,607 - sg_collection | INFO : 75 - Projects collected!
2019-12-13 17:25:35,200 - sg_collection | INFO : 54 - Getting active projects
2019-12-13 17:25:35,285 - sg_collection | INFO : 75 - Projects collected!
2019-12-13 17:25:45,677 - sg_collection | INFO : 49 - Shotgun Collection Activated!
2019-12-13 17:25:51,799 - sg_collection | INFO : 54 - Getting active projects
2019-12-13 17:25:51,917 - sg_collection | INFO : 75 - Projects collected!
2019-12-13 17:25:55,604 - sg_collection | INFO : 54 - Getting active projects
2019-12-13 17:25:55,700 - sg_collection | INFO : 75 - Projects collected!
2019-12-13 17:25:59,658 - sg_collection | INFO : 54 - Getting active projects
2019-12-13 17:25:59,747 - sg_collection | INFO : 75 - Projects collected!
2019-12-13 17:26:03,299 - sg_collection | INFO : 54 - Getting active projects
2019-12-13 17:26:03,398 - sg_collection | INFO : 75 - Projects collected!
2019-12-13 17:26:03,522 - sg_collection | INFO : 54 - Getting active projects
2019-12-13 17:26:03,631 - sg_collection | INFO : 75 - Projects collected!
2019-12-13 17:26:32,789 - sg_collection | INFO : 49 - Shotgun Collection Activated!
2019-12-13 17:26:38,940 - sg_collection | INFO : 54 - Getting active projects
2019-12-13 17:26:39,020 - sg_collection | INFO : 75 - Projects collected!
2019-12-13 17:34:03,065 - sg_collection | INFO : 49 - Shotgun Collection Activated!
2019-12-13 17:35:22,016 - sg_collection | INFO : 54 - Getting active projects
2019-12-13 17:35:22,243 - sg_collection | INFO : 75 - Projects collected!
2019-12-13 17:42:42,612 - sg_collection | INFO : 49 - Shotgun Collection Activated!
2019-12-13 17:43:31,184 - sg_collection | INFO : 49 - Shotgun Collection Activated!
2019-12-13 17:52:14,046 - sg_collection | INFO : 49 - Shotgun Collection Activated!
2019-12-13 17:54:16,200 - sg_collection | INFO : 49 - Shotgun Collection Activated!
2019-12-13 17:54:27,944 - sg_collection | INFO : 54 - Getting active projects
2019-12-13 17:54:28,036 - sg_collection | INFO : 75 - Projects collected!
2019-12-13 17:57:32,767 - sg_collection | INFO : 49 - Shotgun Collection Activated!
2019-12-13 17:57:39,582 - sg_collection | INFO : 54 - Getting active projects
2019-12-13 17:57:39,681 - sg_collection | INFO : 75 - Projects collected!
2019-12-13 17:58:14,546 - sg_collection | INFO : 49 - Shotgun Collection Activated!
2019-12-13 18:07:08,723 - sg_collection | INFO : 49 - Shotgun Collection Activated!
2019-12-13 18:08:20,983 - sg_collection | INFO : 49 - Shotgun Collection Activated!
2019-12-13 18:08:40,638 - sg_collection | INFO : 54 - Getting active projects
2019-12-13 18:08:40,730 - sg_collection | INFO : 75 - Projects collected!
2019-12-13 18:09:30,973 - sg_collection | INFO : 49 - Shotgun Collection Activated!
2019-12-13 18:09:40,898 - sg_collection | INFO : 54 - Getting active projects
2019-12-13 18:09:40,982 - sg_collection | INFO : 75 - Projects collected!
2019-12-13 18:09:47,927 - sg_collection | INFO : 54 - Getting active projects
2019-12-13 18:09:48,013 - sg_collection | INFO : 75 - Projects collected!
2019-12-13 18:10:38,102 - sg_collection | INFO : 49 - Shotgun Collection Activated!
2019-12-13 18:10:43,779 - sg_collection | INFO : 54 - Getting active projects
2019-12-13 18:10:43,861 - sg_collection | INFO : 75 - Projects collected!
2019-12-13 18:10:52,875 - sg_collection | INFO : 54 - Getting active projects
2019-12-13 18:10:52,961 - sg_collection | INFO : 75 - Projects collected!
2019-12-13 18:10:57,131 - sg_collection | INFO : 54 - Getting active projects
2019-12-13 18:10:57,226 - sg_collection | INFO : 75 - Projects collected!
2019-12-13 18:12:00,374 - sg_collection | INFO : 54 - Getting active projects
2019-12-13 18:12:00,467 - sg_collection | INFO : 75 - Projects collected!
2019-12-13 18:12:05,365 - sg_collection | INFO : 54 - Getting active projects
2019-12-13 18:12:05,474 - sg_collection | INFO : 75 - Projects collected!
2019-12-13 18:12:09,960 - sg_collection | INFO : 54 - Getting active projects
2019-12-13 18:12:10,059 - sg_collection | INFO : 75 - Projects collected!
2019-12-13 18:12:10,200 - sg_collection | INFO : 54 - Getting active projects
2019-12-13 18:12:10,292 - sg_collection | INFO : 75 - Projects collected!
2019-12-13 18:23:02,668 - sg_collection | INFO : 49 - Shotgun Collection Activated!
2019-12-13 18:23:51,309 - sg_collection | INFO : 49 - Shotgun Collection Activated!
2019-12-13 18:29:02,112 - sg_collection | INFO : 49 - Shotgun Collection Activated!
2019-12-13 18:29:59,740 - sg_collection | INFO : 49 - Shotgun Collection Activated!
2019-12-13 18:31:04,727 - sg_collection | INFO : 54 - Getting active projects
2019-12-13 18:31:04,829 - sg_collection | INFO : 75 - Projects collected!
2019-12-13 18:31:23,516 - sg_collection | INFO : 54 - Getting active projects
2019-12-13 18:31:23,657 - sg_collection | INFO : 75 - Projects collected!
2019-12-13 18:32:49,480 - sg_collection | INFO : 49 - Shotgun Collection Activated!
2019-12-13 18:34:26,174 - sg_collection | INFO : 49 - Shotgun Collection Activated!
2019-12-13 18:34:34,871 - sg_collection | INFO : 49 - Shotgun Collection Activated!
2019-12-13 18:35:57,292 - sg_collection | INFO : 49 - Shotgun Collection Activated!
