2020-01-30 17:33:56,006 - tardis_report | INFO : 68 - The TARDIS has started!
2020-01-30 17:33:56,628 - tardis_report | INFO : 80 - Opening a portal to the time continuum...
2020-01-30 17:33:56,714 - tardis_report | INFO : 82 - time_continuum is opened...
2020-01-30 17:33:56,823 - tardis_report | INFO : 87 - User information collected...
2020-01-30 17:33:56,914 - tardis_report | INFO : 91 - Shotgun commands brought in.
2020-01-30 17:33:56,997 - tardis_report | INFO : 95 - Communication system online.
2020-01-30 18:34:57,884 - tardis_report | INFO : 925 - Adam Benson has quit their TARDIS!
2020-01-31 11:49:29,444 - tardis_report | INFO : 68 - The TARDIS has started!
2020-01-31 11:49:30,085 - tardis_report | INFO : 80 - Opening a portal to the time continuum...
2020-01-31 11:49:30,174 - tardis_report | INFO : 82 - time_continuum is opened...
2020-01-31 11:49:30,286 - tardis_report | INFO : 87 - User information collected...
2020-01-31 11:49:30,368 - tardis_report | INFO : 91 - Shotgun commands brought in.
2020-01-31 11:49:30,466 - tardis_report | INFO : 95 - Communication system online.
2020-01-31 11:50:24,365 - tardis_report | INFO : 68 - The TARDIS has started!
2020-01-31 11:50:24,937 - tardis_report | INFO : 80 - Opening a portal to the time continuum...
2020-01-31 11:50:25,042 - tardis_report | INFO : 82 - time_continuum is opened...
2020-01-31 11:50:25,145 - tardis_report | INFO : 87 - User information collected...
2020-01-31 11:50:25,239 - tardis_report | INFO : 91 - Shotgun commands brought in.
2020-01-31 11:50:25,326 - tardis_report | INFO : 95 - Communication system online.
2020-01-31 11:55:57,132 - tardis_report | INFO : 68 - The TARDIS has started!
2020-01-31 11:55:57,793 - tardis_report | INFO : 80 - Opening a portal to the time continuum...
2020-01-31 11:55:57,880 - tardis_report | INFO : 82 - time_continuum is opened...
2020-01-31 11:55:57,990 - tardis_report | INFO : 87 - User information collected...
2020-01-31 11:55:58,079 - tardis_report | INFO : 91 - Shotgun commands brought in.
2020-01-31 11:55:58,157 - tardis_report | INFO : 95 - Communication system online.
2020-01-31 15:54:22,308 - tardis_report | INFO : 68 - The TARDIS has started!
2020-01-31 15:54:22,923 - tardis_report | INFO : 80 - Opening a portal to the time continuum...
2020-01-31 15:54:23,020 - tardis_report | INFO : 82 - time_continuum is opened...
2020-01-31 15:54:23,178 - tardis_report | INFO : 87 - User information collected...
2020-01-31 15:54:23,272 - tardis_report | INFO : 91 - Shotgun commands brought in.
2020-01-31 15:54:23,348 - tardis_report | INFO : 95 - Communication system online.
2020-01-31 15:56:19,332 - tardis_report | INFO : 68 - The TARDIS has started!
2020-01-31 15:56:19,996 - tardis_report | INFO : 80 - Opening a portal to the time continuum...
2020-01-31 15:56:20,075 - tardis_report | INFO : 82 - time_continuum is opened...
2020-01-31 15:56:20,194 - tardis_report | INFO : 87 - User information collected...
2020-01-31 15:56:20,289 - tardis_report | INFO : 91 - Shotgun commands brought in.
2020-01-31 15:56:20,372 - tardis_report | INFO : 95 - Communication system online.
2020-01-31 15:57:07,990 - tardis_report | INFO : 68 - The TARDIS has started!
2020-01-31 15:57:08,650 - tardis_report | INFO : 80 - Opening a portal to the time continuum...
2020-01-31 15:57:08,739 - tardis_report | INFO : 82 - time_continuum is opened...
2020-01-31 15:57:08,875 - tardis_report | INFO : 87 - User information collected...
2020-01-31 15:57:08,971 - tardis_report | INFO : 91 - Shotgun commands brought in.
2020-01-31 15:57:09,062 - tardis_report | INFO : 95 - Communication system online.
2020-01-31 15:58:01,707 - tardis_report | INFO : 68 - The TARDIS has started!
2020-01-31 15:58:02,451 - tardis_report | INFO : 80 - Opening a portal to the time continuum...
2020-01-31 15:58:02,532 - tardis_report | INFO : 82 - time_continuum is opened...
2020-01-31 15:58:02,648 - tardis_report | INFO : 87 - User information collected...
2020-01-31 15:58:02,726 - tardis_report | INFO : 91 - Shotgun commands brought in.
2020-01-31 15:58:02,811 - tardis_report | INFO : 95 - Communication system online.
2020-01-31 16:02:46,127 - tardis_report | INFO : 68 - The TARDIS has started!
2020-01-31 16:02:47,026 - tardis_report | INFO : 80 - Opening a portal to the time continuum...
2020-01-31 16:02:47,115 - tardis_report | INFO : 82 - time_continuum is opened...
2020-01-31 16:02:47,224 - tardis_report | INFO : 87 - User information collected...
2020-01-31 16:02:47,319 - tardis_report | INFO : 91 - Shotgun commands brought in.
2020-01-31 16:02:47,407 - tardis_report | INFO : 95 - Communication system online.
2020-01-31 16:03:13,526 - tardis_report | INFO : 68 - The TARDIS has started!
2020-01-31 16:03:14,673 - tardis_report | INFO : 80 - Opening a portal to the time continuum...
2020-01-31 16:03:14,773 - tardis_report | INFO : 82 - time_continuum is opened...
2020-01-31 16:03:14,904 - tardis_report | INFO : 87 - User information collected...
2020-01-31 16:03:15,000 - tardis_report | INFO : 91 - Shotgun commands brought in.
2020-01-31 16:03:15,101 - tardis_report | INFO : 95 - Communication system online.
2020-01-31 16:03:43,676 - tardis_report | INFO : 68 - The TARDIS has started!
2020-01-31 16:03:44,451 - tardis_report | INFO : 80 - Opening a portal to the time continuum...
2020-01-31 16:03:44,540 - tardis_report | INFO : 82 - time_continuum is opened...
2020-01-31 16:03:44,661 - tardis_report | INFO : 87 - User information collected...
2020-01-31 16:03:44,756 - tardis_report | INFO : 91 - Shotgun commands brought in.
2020-01-31 16:03:44,851 - tardis_report | INFO : 95 - Communication system online.
2020-01-31 16:04:37,184 - tardis_report | INFO : 68 - The TARDIS has started!
2020-01-31 16:04:37,884 - tardis_report | INFO : 80 - Opening a portal to the time continuum...
2020-01-31 16:04:37,980 - tardis_report | INFO : 82 - time_continuum is opened...
2020-01-31 16:04:38,098 - tardis_report | INFO : 87 - User information collected...
2020-01-31 16:04:38,197 - tardis_report | INFO : 91 - Shotgun commands brought in.
2020-01-31 16:04:38,289 - tardis_report | INFO : 95 - Communication system online.
2020-01-31 16:05:58,072 - tardis_report | INFO : 68 - The TARDIS has started!
2020-01-31 16:05:58,858 - tardis_report | INFO : 80 - Opening a portal to the time continuum...
2020-01-31 16:05:58,957 - tardis_report | INFO : 82 - time_continuum is opened...
2020-01-31 16:05:59,071 - tardis_report | INFO : 87 - User information collected...
2020-01-31 16:05:59,154 - tardis_report | INFO : 91 - Shotgun commands brought in.
2020-01-31 16:05:59,242 - tardis_report | INFO : 95 - Communication system online.
2020-01-31 16:06:55,444 - tardis_report | INFO : 68 - The TARDIS has started!
2020-01-31 16:06:56,096 - tardis_report | INFO : 80 - Opening a portal to the time continuum...
2020-01-31 16:06:56,207 - tardis_report | INFO : 82 - time_continuum is opened...
2020-01-31 16:06:56,336 - tardis_report | INFO : 87 - User information collected...
2020-01-31 16:06:56,430 - tardis_report | INFO : 91 - Shotgun commands brought in.
2020-01-31 16:06:56,519 - tardis_report | INFO : 95 - Communication system online.
2020-01-31 16:08:11,803 - tardis_report | INFO : 68 - The TARDIS has started!
2020-01-31 16:08:12,454 - tardis_report | INFO : 80 - Opening a portal to the time continuum...
2020-01-31 16:08:12,535 - tardis_report | INFO : 82 - time_continuum is opened...
2020-01-31 16:08:12,642 - tardis_report | INFO : 87 - User information collected...
2020-01-31 16:08:12,717 - tardis_report | INFO : 91 - Shotgun commands brought in.
2020-01-31 16:08:12,796 - tardis_report | INFO : 95 - Communication system online.
2020-01-31 16:40:19,381 - tardis_report | INFO : 68 - The TARDIS has started!
2020-01-31 16:40:19,976 - tardis_report | INFO : 80 - Opening a portal to the time continuum...
2020-01-31 16:40:20,062 - tardis_report | INFO : 82 - time_continuum is opened...
2020-01-31 16:40:20,167 - tardis_report | INFO : 87 - User information collected...
2020-01-31 16:40:20,249 - tardis_report | INFO : 91 - Shotgun commands brought in.
2020-01-31 16:40:20,338 - tardis_report | INFO : 95 - Communication system online.
2020-01-31 16:41:15,375 - tardis_report | INFO : 996 - Sheets.
2020-01-31 16:41:39,724 - tardis_report | INFO : 996 - Sheets.
2020-01-31 16:42:17,032 - tardis_report | INFO : 1009 - overtime.
2020-01-31 16:42:28,990 - tardis_report | INFO : 1009 - overtime.
2020-01-31 16:42:46,099 - tardis_report | INFO : 1056 - Adam Benson has activeated the Time Lord Scope
2020-01-31 16:42:59,601 - tardis_report | INFO : 1056 - Adam Benson has activeated the Time Lord Scope
