2019-11-19 23:33:44,836 - time_lord_continuum | INFO : 59 - Continuum Activated!
2019-11-19 23:33:45,690 - time_lord_continuum | INFO : 160 - Finding the last timesheet for Adam Benson
2019-11-19 23:33:45,842 - time_lord_continuum | INFO : 474 - Looking to see if Adam Benson is clocked in....
2019-11-19 23:33:45,957 - time_lord_continuum | INFO : 474 - Looking to see if Adam Benson is clocked in....
2019-11-19 23:33:46,081 - time_lord_continuum | INFO : 160 - Finding the last timesheet for Adam Benson
2019-11-19 23:33:46,200 - time_lord_continuum | INFO : 474 - Looking to see if Adam Benson is clocked in....
2019-11-19 23:33:46,312 - time_lord_continuum | INFO : 160 - Finding the last timesheet for Adam Benson
2019-11-19 23:33:46,434 - time_lord_continuum | INFO : 160 - Finding the last timesheet for Adam Benson
2019-11-19 23:33:46,558 - time_lord_continuum | INFO : 474 - Looking to see if Adam Benson is clocked in....
2019-11-19 23:33:46,673 - time_lord_continuum | INFO : 160 - Finding the last timesheet for Adam Benson
2019-11-19 23:33:46,976 - time_lord_continuum | INFO : 474 - Looking to see if Adam Benson is clocked in....
2019-11-19 23:33:47,963 - time_lord_continuum | INFO : 474 - Looking to see if Adam Benson is clocked in....
2019-11-19 23:33:49,335 - time_lord_continuum | INFO : 160 - Finding the last timesheet for Adam Benson
2019-11-19 23:33:54,453 - time_lord_continuum | INFO : 160 - Finding the last timesheet for Adam Benson
2019-11-19 23:33:56,894 - time_lord_continuum | ERROR : 520 - Bad connection.  Trying again...
2019-11-19 23:34:00,000 - time_lord_continuum | INFO : 160 - Finding the last timesheet for Adam Benson
2019-11-19 23:34:00,111 - time_lord_continuum | ERROR : 520 - Bad connection.  Trying again...
2019-11-19 23:34:04,687 - time_lord_continuum | INFO : 160 - Finding the last timesheet for Adam Benson
2019-11-19 23:34:07,907 - time_lord_continuum | INFO : 160 - Finding the last timesheet for Adam Benson
2019-11-19 23:34:14,039 - time_lord_continuum | INFO : 474 - Looking to see if Adam Benson is clocked in....
2019-11-19 23:34:16,210 - time_lord_continuum | INFO : 160 - Finding the last timesheet for Adam Benson
2019-11-19 23:34:18,507 - time_lord_continuum | INFO : 160 - Finding the last timesheet for Adam Benson
2019-11-19 23:34:19,441 - time_lord_continuum | INFO : 160 - Finding the last timesheet for Adam Benson
2019-11-19 23:34:21,746 - time_lord_continuum | INFO : 160 - Finding the last timesheet for Adam Benson
2019-11-19 23:34:21,865 - time_lord_continuum | ERROR : 182 - Something unexpected happened while getting the last timesheet: 'NoneType' object has no attribute 'connections'
2019-11-19 23:35:00,000 - time_lord_continuum | INFO : 160 - Finding the last timesheet for Adam Benson
2019-11-19 23:35:01,069 - time_lord_continuum | INFO : 160 - Finding the last timesheet for Adam Benson
2019-11-19 23:35:01,207 - time_lord_continuum | ERROR : 182 - Something unexpected happened while getting the last timesheet: 'NoneType' object has no attribute 'connections'
2019-11-19 23:35:03,217 - time_lord_continuum | INFO : 160 - Finding the last timesheet for Adam Benson
2019-11-19 23:35:05,503 - time_lord_continuum | INFO : 160 - Finding the last timesheet for Adam Benson
2019-11-19 23:35:06,321 - time_lord_continuum | INFO : 160 - Finding the last timesheet for Adam Benson
2019-11-19 23:35:08,595 - time_lord_continuum | INFO : 160 - Finding the last timesheet for Adam Benson
2019-11-19 23:35:41,578 - time_lord_continuum | INFO : 59 - Continuum Activated!
2019-11-19 23:35:41,967 - time_lord_continuum | INFO : 160 - Finding the last timesheet for Adam Benson
2019-11-19 23:35:42,095 - time_lord_continuum | INFO : 474 - Looking to see if Adam Benson is clocked in....
2019-11-19 23:35:42,210 - time_lord_continuum | INFO : 474 - Looking to see if Adam Benson is clocked in....
2019-11-19 23:35:42,323 - time_lord_continuum | INFO : 160 - Finding the last timesheet for Adam Benson
2019-11-19 23:35:42,444 - time_lord_continuum | INFO : 474 - Looking to see if Adam Benson is clocked in....
2019-11-19 23:35:42,559 - time_lord_continuum | INFO : 160 - Finding the last timesheet for Adam Benson
2019-11-19 23:35:42,678 - time_lord_continuum | INFO : 160 - Finding the last timesheet for Adam Benson
2019-11-19 23:35:42,792 - time_lord_continuum | INFO : 474 - Looking to see if Adam Benson is clocked in....
2019-11-19 23:35:42,904 - time_lord_continuum | INFO : 160 - Finding the last timesheet for Adam Benson
2019-11-19 23:35:43,158 - time_lord_continuum | INFO : 474 - Looking to see if Adam Benson is clocked in....
2019-11-19 23:35:44,805 - time_lord_continuum | INFO : 474 - Looking to see if Adam Benson is clocked in....
2019-11-19 23:35:55,755 - time_lord_continuum | INFO : 216 - Timesheet updated.
2019-11-19 23:35:55,887 - time_lord_continuum | ERROR : 520 - Bad connection.  Trying again...
2019-11-19 23:35:58,976 - time_lord_continuum | INFO : 160 - Finding the last timesheet for Adam Benson
2019-11-19 23:36:00,000 - time_lord_continuum | INFO : 160 - Finding the last timesheet for Adam Benson
2019-11-19 23:36:03,854 - time_lord_continuum | INFO : 160 - Finding the last timesheet for Adam Benson
