2019-11-04 18:41:54,967 - time_lord_sg_collection | INFO : 46 - Shotgun Collection Activated!
2019-11-04 18:41:54,973 - time_lord_sg_collection | DEBUG : 48 - Shotgun sg sub-loaded.
2019-11-04 18:41:59,948 - time_lord_sg_collection | INFO : 51 - Getting active projects
2019-11-04 18:42:00,033 - time_lord_sg_collection | ERROR : 66 - Failed to get projects.  Trying again...
2019-11-04 18:42:02,033 - time_lord_sg_collection | INFO : 51 - Getting active projects
2019-11-04 18:42:02,138 - time_lord_sg_collection | INFO : 63 - Projects collected!
2019-11-04 18:42:02,138 - time_lord_sg_collection | DEBUG : 64 - Project List: [{'code': '3DP', 'type': 'Project', 'id': 526, 'name': '3D_Printing', 'tank_name': '3d_printing'}, {'code': None, 'type': 'Project', 'id': 547, 'name': 'Admin', 'tank_name': None}, {'code': 'APE4', 'type': 'Project', 'id': 555, 'name': 'Apes', 'tank_name': 'apes'}, {'code': 'APA', 'type': 'Project', 'id': 466, 'name': 'Apple_Alien', 'tank_name': 'apple_alien'}, {'code': 'BAAL', 'type': 'Project', 'id': 563, 'name': 'ASC_Baal', 'tank_name': 'asc_baal'}, {'code': 'BIDS', 'type': 'Project', 'id': 551, 'name': 'ASC_Bidding', 'tank_name': 'asc_bidding'}, {'code': 'ASB', 'type': 'Project', 'id': 522, 'name': 'ASC_Branding', 'tank_name': 'asc_branding'}, {'code': 'GFN', 'type': 'Project', 'id': 562, 'name': 'ASC_Griffin', 'tank_name': 'asc_griffin'}, {'code': 'HNH', 'type': 'Project', 'id': 521, 'name': 'ASC_HauntedHouse', 'tank_name': 'asc_hauntedhouse'}, {'code': 'NWW', 'type': 'Project', 'id': 250, 'name': 'ASC_NewWorld', 'tank_name': 'asc_newworld'}, {'code': 'PTCH', 'type': 'Project', 'id': 512, 'name': 'ASC_Patches', 'tank_name': 'asc_patches'}, {'code': 'SPOT', 'type': 'Project', 'id': 536, 'name': 'ASC_Spotlight', 'tank_name': 'asc_spotlight'}, {'code': 'ASCS', 'type': 'Project', 'id': 302, 'name': 'ASC_Studio', 'tank_name': 'asc_studio'}, {'code': 'TNK', 'type': 'Project', 'id': 475, 'name': 'ASC_Tank', 'tank_name': 'asc_tank'}, {'code': 'TCH', 'type': 'Project', 'id': 560, 'name': 'ASC_TinCharge', 'tank_name': 'asc_tincharge'}, {'code': 'ASCW', 'type': 'Project', 'id': 553, 'name': 'ASC_Workshop', 'tank_name': 'asc_workshop'}, {'code': 'BTC', 'type': 'Project', 'id': 557, 'name': 'BottleCap', 'tank_name': 'bottlecap'}, {'code': 'CHND', 'type': 'Project', 'id': 253, 'name': 'Chained', 'tank_name': 'chained'}, {'code': 'LOL', 'type': 'Project', 'id': 541, 'name': 'League', 'tank_name': 'league'}, {'code': 'MRC', 'type': 'Project', 'id': 566, 'name': 'March', 'tank_name': 'march'}, {'code': 'SRKS', 'type': 'Project', 'id': 565, 'name': 'Mill_Sharks', 'tank_name': 'mill_sharks'}, {'code': 'MSPB', 'type': 'Project', 'id': 567, 'name': 'Mill_SuperbowlLIV', 'tank_name': 'mill_superbowlliv'}, {'code': 'MRU', 'type': 'Project', 'id': 548, 'name': 'Moreau', 'tank_name': 'moreau'}, {'code': 'JMD', 'type': 'Project', 'id': 561, 'name': 'MountainDew', 'tank_name': 'mountaindew'}, {'code': 'NMR', 'type': 'Project', 'id': 456, 'name': 'Nevermoore', 'tank_name': 'nevermoore'}, {'code': 'NTH', 'type': 'Project', 'id': 568, 'name': 'Northman', 'tank_name': 'northman'}, {'code': 'P88', 'type': 'Project', 'id': 564, 'name': 'Project88', 'tank_name': 'project88'}, {'code': 'STL', 'type': 'Project', 'id': 570, 'name': 'StreetLegal', 'tank_name': 'streetlegal'}, {'code': 'STTS', 'type': 'Project', 'id': 362, 'name': 'StressTest', 'tank_name': 'stresstest'}, {'code': 'TXS', 'type': 'Project', 'id': 447, 'name': 'Texas', 'tank_name': 'texas'}, {'code': 'WGM', 'type': 'Project', 'id': 571, 'name': 'WarGaming', 'tank_name': 'wargaming'}, {'code': 'WRP', 'type': 'Project', 'id': 569, 'name': 'Warpaint', 'tank_name': 'warpaint'}, {'code': 'WEVR', 'type': 'Project', 'id': 439, 'name': 'WeVR', 'tank_name': 'wevr'}, {'code': 'YOS', 'type': 'Project', 'id': 527, 'name': 'Yosemite', 'tank_name': 'yosemite'}]
2019-11-04 18:42:02,151 - time_lord_sg_collection | INFO : 73 - Getting project assets...
2019-11-04 18:42:02,249 - time_lord_sg_collection | INFO : 86 - Assets collected.
2019-11-04 18:42:02,249 - time_lord_sg_collection | DEBUG : 87 - Assets List: [{'code': 'GoodApes', 'type': 'Asset', 'id': 6384}, {'code': 'BadApes', 'type': 'Asset', 'id': 6385}, {'code': 'EnvironmentBad', 'type': 'Asset', 'id': 6386}, {'code': 'EnvironmentGood', 'type': 'Asset', 'id': 6387}, {'code': 'Landscape', 'type': 'Asset', 'id': 6388}, {'code': 'Interior', 'type': 'Asset', 'id': 6427}, {'code': 'Exterior', 'type': 'Asset', 'id': 6428}, {'code': 'Statue_Caesar', 'type': 'Asset', 'id': 6448}, {'code': 'Temple_Caesar', 'type': 'Asset', 'id': 6449}, {'code': 'weapon', 'type': 'Asset', 'id': 6500}, {'code': 'vehicle', 'type': 'Asset', 'id': 6528}]
2019-11-04 18:42:02,250 - time_lord_sg_collection | INFO : 92 - Getting project shots...
2019-11-04 18:42:02,358 - time_lord_sg_collection | INFO : 105 - Shots collected
2019-11-04 18:42:02,358 - time_lord_sg_collection | DEBUG : 106 - Shots List: []
2019-11-04 18:42:02,460 - time_lord_sg_collection | INFO : 111 - Getting tasks for entity ID 6385...
2019-11-04 18:42:02,460 - time_lord_sg_collection | INFO : 73 - Getting project assets...
2019-11-04 18:42:02,559 - time_lord_sg_collection | INFO : 86 - Assets collected.
2019-11-04 18:42:02,559 - time_lord_sg_collection | DEBUG : 87 - Assets List: [{'code': 'GoodApes', 'type': 'Asset', 'id': 6384}, {'code': 'BadApes', 'type': 'Asset', 'id': 6385}, {'code': 'EnvironmentBad', 'type': 'Asset', 'id': 6386}, {'code': 'EnvironmentGood', 'type': 'Asset', 'id': 6387}, {'code': 'Landscape', 'type': 'Asset', 'id': 6388}, {'code': 'Interior', 'type': 'Asset', 'id': 6427}, {'code': 'Exterior', 'type': 'Asset', 'id': 6428}, {'code': 'Statue_Caesar', 'type': 'Asset', 'id': 6448}, {'code': 'Temple_Caesar', 'type': 'Asset', 'id': 6449}, {'code': 'weapon', 'type': 'Asset', 'id': 6500}, {'code': 'vehicle', 'type': 'Asset', 'id': 6528}]
2019-11-04 18:42:02,559 - time_lord_sg_collection | INFO : 92 - Getting project shots...
2019-11-04 18:42:02,664 - time_lord_sg_collection | INFO : 105 - Shots collected
2019-11-04 18:42:02,665 - time_lord_sg_collection | DEBUG : 106 - Shots List: []
2019-11-04 18:42:02,786 - time_lord_sg_collection | INFO : 130 - Tasks collected
2019-11-04 18:42:02,786 - time_lord_sg_collection | DEBUG : 131 - Tasks List: [{'content': 'design.main', 'step': {'type': 'Step', 'id': 23, 'name': 'design'}, 'type': 'Task', 'id': 23200, 'entity': {'type': 'Asset', 'id': 6385, 'name': 'BadApes'}}, {'content': 'design.kyle', 'step': {'type': 'Step', 'id': 23, 'name': 'design'}, 'type': 'Task', 'id': 23262, 'entity': {'type': 'Asset', 'id': 6385, 'name': 'BadApes'}}, {'content': 'design.steffenadmin', 'step': {'type': 'Step', 'id': 23, 'name': 'design'}, 'type': 'Task', 'id': 23267, 'entity': {'type': 'Asset', 'id': 6385, 'name': 'BadApes'}}, {'content': 'design.events', 'step': {'type': 'Step', 'id': 23, 'name': 'design'}, 'type': 'Task', 'id': 23268, 'entity': {'type': 'Asset', 'id': 6385, 'name': 'BadApes'}}, {'content': 'design.events', 'step': {'type': 'Step', 'id': 23, 'name': 'design'}, 'type': 'Task', 'id': 23269, 'entity': {'type': 'Asset', 'id': 6385, 'name': 'BadApes'}}, {'content': 'design.steve', 'step': {'type': 'Step', 'id': 23, 'name': 'design'}, 'type': 'Task', 'id': 23541, 'entity': {'type': 'Asset', 'id': 6385, 'name': 'BadApes'}}, {'content': 'design.aaron', 'step': {'type': 'Step', 'id': 23, 'name': 'design'}, 'type': 'Task', 'id': 23587, 'entity': {'type': 'Asset', 'id': 6385, 'name': 'BadApes'}}]
2019-11-04 18:42:02,796 - time_lord_sg_collection | INFO : 111 - Getting tasks for entity ID 6385...
2019-11-04 18:42:02,798 - time_lord_sg_collection | INFO : 73 - Getting project assets...
2019-11-04 18:42:02,895 - time_lord_sg_collection | INFO : 86 - Assets collected.
2019-11-04 18:42:02,895 - time_lord_sg_collection | DEBUG : 87 - Assets List: [{'code': 'GoodApes', 'type': 'Asset', 'id': 6384}, {'code': 'BadApes', 'type': 'Asset', 'id': 6385}, {'code': 'EnvironmentBad', 'type': 'Asset', 'id': 6386}, {'code': 'EnvironmentGood', 'type': 'Asset', 'id': 6387}, {'code': 'Landscape', 'type': 'Asset', 'id': 6388}, {'code': 'Interior', 'type': 'Asset', 'id': 6427}, {'code': 'Exterior', 'type': 'Asset', 'id': 6428}, {'code': 'Statue_Caesar', 'type': 'Asset', 'id': 6448}, {'code': 'Temple_Caesar', 'type': 'Asset', 'id': 6449}, {'code': 'weapon', 'type': 'Asset', 'id': 6500}, {'code': 'vehicle', 'type': 'Asset', 'id': 6528}]
2019-11-04 18:42:02,897 - time_lord_sg_collection | INFO : 92 - Getting project shots...
2019-11-04 18:42:02,996 - time_lord_sg_collection | INFO : 105 - Shots collected
2019-11-04 18:42:02,997 - time_lord_sg_collection | DEBUG : 106 - Shots List: []
2019-11-04 18:42:03,121 - time_lord_sg_collection | INFO : 130 - Tasks collected
2019-11-04 18:42:03,121 - time_lord_sg_collection | DEBUG : 131 - Tasks List: [{'content': 'design.main', 'step': {'type': 'Step', 'id': 23, 'name': 'design'}, 'type': 'Task', 'id': 23200, 'entity': {'type': 'Asset', 'id': 6385, 'name': 'BadApes'}}, {'content': 'design.kyle', 'step': {'type': 'Step', 'id': 23, 'name': 'design'}, 'type': 'Task', 'id': 23262, 'entity': {'type': 'Asset', 'id': 6385, 'name': 'BadApes'}}, {'content': 'design.steffenadmin', 'step': {'type': 'Step', 'id': 23, 'name': 'design'}, 'type': 'Task', 'id': 23267, 'entity': {'type': 'Asset', 'id': 6385, 'name': 'BadApes'}}, {'content': 'design.events', 'step': {'type': 'Step', 'id': 23, 'name': 'design'}, 'type': 'Task', 'id': 23268, 'entity': {'type': 'Asset', 'id': 6385, 'name': 'BadApes'}}, {'content': 'design.events', 'step': {'type': 'Step', 'id': 23, 'name': 'design'}, 'type': 'Task', 'id': 23269, 'entity': {'type': 'Asset', 'id': 6385, 'name': 'BadApes'}}, {'content': 'design.steve', 'step': {'type': 'Step', 'id': 23, 'name': 'design'}, 'type': 'Task', 'id': 23541, 'entity': {'type': 'Asset', 'id': 6385, 'name': 'BadApes'}}, {'content': 'design.aaron', 'step': {'type': 'Step', 'id': 23, 'name': 'design'}, 'type': 'Task', 'id': 23587, 'entity': {'type': 'Asset', 'id': 6385, 'name': 'BadApes'}}]
2019-11-04 18:42:03,437 - time_lord_sg_collection | DEBUG : 142 - Checking for project name Admin
2019-11-04 18:42:03,437 - time_lord_sg_collection | DEBUG : 153 - Searching...
2019-11-04 18:42:03,539 - time_lord_sg_collection | DEBUG : 155 - Project Details found: {'sg_description': None, 'code': None, 'type': 'Project', 'id': 547, 'tank_name': None}
2019-11-04 18:42:09,058 - time_lord_sg_collection | DEBUG : 142 - Checking for project name Admin
2019-11-04 18:42:09,058 - time_lord_sg_collection | DEBUG : 153 - Searching...
2019-11-04 18:42:09,157 - time_lord_sg_collection | DEBUG : 155 - Project Details found: {'sg_description': None, 'code': None, 'type': 'Project', 'id': 547, 'tank_name': None}
2019-11-04 18:42:15,065 - time_lord_sg_collection | DEBUG : 142 - Checking for project name Admin
2019-11-04 18:42:15,065 - time_lord_sg_collection | DEBUG : 153 - Searching...
2019-11-04 18:42:15,164 - time_lord_sg_collection | DEBUG : 155 - Project Details found: {'sg_description': None, 'code': None, 'type': 'Project', 'id': 547, 'tank_name': None}
